  CC      scripts/mod/empty.o
  CC      scripts/mod/devicetable-offsets.s
  MKELF   scripts/mod/elfconfig.h
  HOSTCC  scripts/mod/modpost.o
  HOSTCC  scripts/mod/file2alias.o
  HOSTCC  scripts/mod/sumversion.o
  HOSTLD  scripts/mod/modpost
  CC      kernel/bounds.s
  CALL    scripts/atomic/check-atomics.sh
  CC      arch/arm64/kernel/asm-offsets.s
  CALL    scripts/checksyscalls.sh
  CC      arch/arm64/kernel/vdso/vgettimeofday.o
  AS      arch/arm64/kernel/vdso/note.o
  AS      arch/arm64/kernel/vdso/sigreturn.o
  LD      arch/arm64/kernel/vdso/vdso.so.dbg
egrep: warning: egrep is obsolescent; using grep -E
  VDSOSYM include/generated/vdso-offsets.h
  AS      usr/initramfs_data.o
  CHK     include/generated/compile.h
  CC      init/main.o
  CC      init/do_mounts.o
./scripts/mkcompile_h: line 49: hostname: comando não encontrado
  CC      init/do_mounts_rd.o
  CC      arch/arm64/net/bpf_jit_comp.o
  CC      init/do_mounts_initrd.o
  CC      init/calibrate.o
  CC      init/initramfs.o
  CC      init/init_task.o
  CC      arch/arm64/crypto/sha1-ce-glue.o
  AS      arch/arm64/crypto/sha1-ce-core.o
  CC      arch/arm64/mm/dma-mapping.o
  CC      certs/system_keyring.o
  CC      arch/arm64/crypto/sha2-ce-glue.o
  AR      usr/built-in.a
  CC      arch/arm64/mm/extable.o
  AS      certs/system_certificates.o
  CC      arch/arm64/kernel/probes/kprobes.o
  CC      init/version.o
  OBJCOPY arch/arm64/kernel/vdso/vdso.so
  AS      arch/arm64/kernel/vdso/vdso.o
  AR      arch/arm64/kernel/vdso/built-in.a
  CC      arch/arm64/kernel/debug-monitors.o
  CC      kernel/bpf/core.o
  CC      kernel/bpf/syscall.o
  CC      mm/filemap.o
  CC      kernel/bpf/verifier.o
  CC      certs/common.o
  CC      kernel/cgroup/cgroup.o
  AS      arch/arm64/crypto/sha2-ce-core.o
  CC      kernel/cgroup/rstat.o
  CC      arch/arm64/mm/fault.o
  AS      arch/arm64/crypto/aes-ce-core.o
  CC      mm/mempool.o
  CC      arch/arm64/kernel/probes/decode-insn.o
  CC      arch/arm64/mm/init.o
  AR      certs/built-in.a
  CC      arch/arm64/crypto/aes-ce-glue.o
  CC      kernel/dma/mapping.o
  AR      arch/arm64/net/built-in.a
  CC      kernel/cgroup/namespace.o
  CC      kernel/events/core.o
  AS      arch/arm64/kernel/probes/kprobes_trampoline.o
  CC      arch/arm64/kernel/probes/simulate-insn.o
  AR      init/built-in.a
  CC      kernel/cgroup/cgroup-v1.o
  CC      arch/arm64/crypto/aes-glue-ce.o
  CC      kernel/dma/direct.o
  CC      mm/oom_kill.o
  CC      kernel/events/ring_buffer.o
  AS      arch/arm64/kernel/entry.o
  CC      arch/arm64/kernel/irq.o
  AS      arch/arm64/mm/cache.o
  CC      kernel/events/callchain.o
  CC      arch/arm64/kernel/probes/uprobes.o
  CC      kernel/irq/irqdesc.o
  CC      arch/arm64/mm/copypage.o
  AS      arch/arm64/crypto/aes-ce.o
  CC      kernel/dma/dummy.o
  CC      arch/arm64/kernel/fpsimd.o
  AS      arch/arm64/kernel/entry-fpsimd.o
  CC      arch/arm64/crypto/sha256-glue.o
  AR      arch/arm64/kernel/probes/built-in.a
  CC      mm/fadvise.o
  CC      kernel/cgroup/freezer.o
  CC      fs/configfs/inode.o
  CC      arch/arm64/mm/flush.o
  CC      fs/configfs/file.o
  CC      kernel/dma/contiguous.o
  CC      kernel/irq/handle.o
  CC      arch/arm64/kernel/process.o
  CC      mm/maccess.o
  CC      kernel/cgroup/legacy_freezer.o
  CC      ipc/compat.o
  CC      fs/configfs/dir.o
  CC      kernel/locking/mutex.o
  CC      kernel/dma/coherent.o
  AS      arch/arm64/crypto/sha256-core.o
  CC      fs/crypto/crypto.o
  CC      kernel/bpf/inode.o
  AS      arch/arm64/crypto/aes-cipher-core.o
  CC      arch/arm64/mm/ioremap.o
  CC      fs/configfs/symlink.o
  CC      kernel/irq/manage.o
  CC      arch/arm64/crypto/aes-cipher-glue.o
  CC      kernel/irq/spurious.o
  CC      ipc/util.o
  CC      mm/page-writeback.o
  CC      kernel/dma/swiotlb.o
  AR      arch/arm64/crypto/built-in.a
  CC      kernel/locking/semaphore.o
  CC      kernel/dma/remap.o
  CC      arch/arm64/mm/mmap.o
  CC      kernel/bpf/helpers.o
  CC      kernel/power/qos.o
  CC      fs/crypto/fname.o
  CC      arch/arm64/kernel/ptrace.o
  CC      kernel/cgroup/pids.o
  CC      ipc/msgutil.o
  CC      arch/arm64/mm/pgd.o
  CC      fs/configfs/mount.o
  CC      ipc/msg.o
  CC      fs/crypto/hkdf.o
  CC      kernel/locking/rwsem.o
  AR      kernel/dma/built-in.a
  CC      kernel/power/main.o
  CC      fs/devpts/inode.o
  CC      kernel/bpf/tnum.o
  CC      fs/configfs/item.o
  CC      arch/arm64/mm/mmu.o
  CC      mm/readahead.o
  CC      kernel/cgroup/cpuset.o
  CC      kernel/irq/resend.o
  CC      kernel/events/hw_breakpoint.o
  CC      fs/crypto/hooks.o
  CC      arch/arm64/kernel/setup.o
  CC      kernel/bpf/hashtab.o
  CC      kernel/irq/chip.o
  AR      fs/devpts/built-in.a
  CC      kernel/bpf/arraymap.o
  AR      fs/configfs/built-in.a
  CC      ipc/sem.o
  CC      security/apparmor/apparmorfs.o
  CC      kernel/locking/percpu-rwsem.o
  CC      kernel/printk/printk.o
  CC      kernel/power/process.o
  CC      ipc/shm.o
  CC      fs/crypto/keyring.o
  CC      kernel/locking/spinlock.o
  CC      mm/swap.o
  CC      kernel/events/uprobes.o
  CC      arch/arm64/mm/context.o
  CC      arch/arm64/kernel/signal.o
  CC      security/integrity/iint.o
  CC      kernel/irq/dummychip.o
  CC      kernel/bpf/percpu_freelist.o
  CC      security/apparmor/audit.o
  CC      kernel/locking/osq_lock.o
  CC      kernel/power/suspend.o
  AS      arch/arm64/mm/proc.o
  CC      kernel/bpf/bpf_lru_list.o
  CC      arch/arm64/mm/pageattr.o
  AR      kernel/cgroup/built-in.a
  CC      arch/arm64/kernel/sys.o
  CC      kernel/locking/qspinlock.o
  CC      kernel/power/wakelock.o
  CC      fs/crypto/keysetup.o
  CC      security/integrity/integrity_audit.o
  CC      kernel/irq/devres.o
  AR      arch/arm64/mm/built-in.a
  CC      kernel/irq/generic-chip.o
  CC      ipc/syscall.o
  AR      security/integrity/built-in.a
  CC      arch/arm64/kernel/stacktrace.o
  CC      kernel/bpf/lpm_trie.o
  CC      kernel/bpf/map_in_map.o
  CC      security/keys/gc.o
  CC      kernel/locking/rtmutex.o
  CC      arch/arm64/kernel/time.o
  CC      security/apparmor/capability.o
  CC      fs/crypto/keysetup_v1.o
  CC      security/apparmor/task.o
  AR      kernel/events/built-in.a
  CC      ipc/ipc_sysctl.o
  CC      kernel/rcu/update.o
  CC      kernel/printk/printk_safe.o
  CC      kernel/power/poweroff.o
  CC      mm/truncate.o
  CC      crypto/api.o
  CC      security/keys/key.o
  CC      kernel/locking/qrwlock.o
  CC      kernel/sched/core.o
  CC      kernel/power/wakeup_reason.o
  CC      ipc/mqueue.o
  CC      kernel/irq/autoprobe.o
  CC      arch/arm64/kernel/traps.o
  AR      kernel/printk/built-in.a
  CC      kernel/irq/irqdomain.o
  CC      kernel/bpf/local_storage.o
  CC      fs/crypto/policy.o
  CC      drivers/amba/bus.o
  CC      block/bio.o
  CC      security/apparmor/ipc.o
  AR      kernel/locking/built-in.a
  CC      kernel/sched/loadavg.o
  CC      fs/crypto/bio.o
  CC      kernel/rcu/sync.o
  CC      crypto/cipher.o
  CC      security/keys/keyring.o
  CC      kernel/bpf/queue_stack_maps.o
  CC      kernel/power/energy_model.o
  CC      arch/arm64/kernel/io.o
  CC      ipc/namespace.o
  CC      mm/vmscan.o
  CC      kernel/rcu/srcutree.o
  AR      drivers/amba/built-in.a
  CC      drivers/android/binderfs.o
  CC      kernel/bpf/disasm.o
  CC      security/apparmor/lib.o
  CC      kernel/irq/proc.o
  CC      fs/crypto/inline_crypt.o
  CC      crypto/compress.o
  AR      kernel/power/built-in.a
  CC      kernel/bpf/btf.o
  CC      security/selinux/avc.o
  CC      arch/arm64/kernel/vdso.o
  CC      kernel/time/time.o
  CC      ipc/mq_sysctl.o
  AS      arch/arm64/kernel/hyp-stub.o
  CC      crypto/memneq.o
  CC      security/keys/keyctl.o
  CC      kernel/irq/cpuhotplug.o
  AR      ipc/built-in.a
  CC      security/keys/permission.o
  CC      drivers/android/binder.o
  CC      arch/arm64/kernel/psci.o
  CC      kernel/rcu/tree.o
  CC      security/selinux/hooks.o
  CC      block/elevator.o
  CC      kernel/irq/pm.o
  CC      security/apparmor/match.o
  AR      fs/crypto/built-in.a
  CC      fs/erofs/super.o
  CC      crypto/crypto_engine.o
  CC      arch/arm64/kernel/cpu_ops.o
  CC      kernel/time/timer.o
  CC      kernel/irq/msi.o
  CC      fs/exportfs/expfs.o
  CC      security/keys/process_keys.o
  CC      security/apparmor/path.o
  CC      fs/ext4/balloc.o
  CC      arch/arm64/kernel/insn.o
  CC      fs/erofs/inode.o
  CC      crypto/algapi.o
  CC      kernel/bpf/devmap.o
  AR      fs/exportfs/built-in.a
  CC      block/blk-core.o
  CC      kernel/irq/affinity.o
  CC      drivers/android/binder_alloc.o
  CC      security/apparmor/domain.o
  CC      security/keys/request_key.o
  CC      fs/erofs/data.o
  CC      arch/arm64/kernel/return_address.o
  AR      kernel/irq/built-in.a
  CC      arch/arm64/kernel/cpuinfo.o
  CC      kernel/sched/clock.o
  CC      kernel/bpf/cpumap.o
  CC      fs/ext4/bitmap.o
  CC      mm/shmem.o
  CC      fs/erofs/namei.o
  CC      kernel/time/hrtimer.o
  CC      security/keys/request_key_auth.o
  CC      fs/erofs/dir.o
  CC      kernel/bpf/xskmap.o
  CC      crypto/scatterwalk.o
  CC      arch/arm64/kernel/cpu_errata.o
  CC      security/selinux/selinuxfs.o
  CC      fs/ext4/block_validity.o
  CC      kernel/sched/cputime.o
  CC      fs/erofs/utils.o
  CC      security/keys/user_defined.o
  CC      kernel/time/timekeeping.o
  CC      security/apparmor/policy.o
  CC      sound/sound_core.o
  CC      kernel/bpf/offload.o
  CC      crypto/proc.o
  CC      block/blk-sysfs.o
  CC      fs/ext4/dir.o
  CC      arch/arm64/kernel/cpufeature.o
  CC      fs/erofs/xattr.o
  CC      kernel/rcu/rcu_segcblist.o
  CC      security/keys/compat.o
  CC      kernel/sched/idle.o
  CC      sound/core/sound.o
  AR      kernel/rcu/built-in.a
  CC      block/blk-flush.o
  CC      crypto/aead.o
  CC      fs/erofs/decompressor.o
  CC      fs/ext4/ext4_jbd2.o
  CC      security/keys/proc.o
  CC      fs/erofs/zmap.o
  CC      security/selinux/netlink.o
  CC      kernel/time/ntp.o
  CC      mm/util.o
  CC      security/apparmor/policy_unpack.o
  CC      security/commoncap.o
  CC      arch/arm64/kernel/alternative.o
  CC      sound/core/init.o
  CC      sound/core/memory.o
  CC      kernel/bpf/stackmap.o
  CC      security/keys/sysctl.o
  CC      security/selinux/nlmsgtab.o
  CC      fs/erofs/zdata.o
  CC      block/blk-settings.o
  CC      fs/ext4/extents.o
  CC      kernel/sched/fair.o
  CC      kernel/time/clocksource.o
  CC      arch/arm64/kernel/cacheinfo.o
  CC      security/keys/keyctl_pkey.o
  CC      crypto/ablkcipher.o
  CC      drivers/android/vendor_hooks.o
  CC      crypto/blkcipher.o
  CC      crypto/skcipher.o
  CC      arch/arm64/kernel/smp.o
  CC      mm/mmzone.o
  CC      security/selinux/netif.o
  CC      sound/core/control.o
  AR      security/keys/built-in.a
  CC      mm/vmstat.o
  CC      security/apparmor/procattr.o
  CC      kernel/bpf/cgroup.o
  CC      kernel/time/jiffies.o
  CC      block/blk-ioc.o
  AR      fs/erofs/built-in.a
  CC      crypto/seqiv.o
  CC      sound/core/misc.o
  AR      drivers/android/built-in.a
  CC      kernel/trace/trace_clock.o
  CC      drivers/base/component.o
  CC      kernel/time/timer_list.o
  CC      security/selinux/netnode.o
  CC      techpack/stub/stub.o
  CC      security/apparmor/lsm.o
  AR      techpack/stub/built-in.a
  AR      techpack/built-in.a
  CC      security/min_addr.o
  CC      kernel/sched/rt.o
  CC      arch/arm64/kernel/smp_spin_table.o
  CC      crypto/echainiv.o
  CC      kernel/time/timeconv.o
  CC      block/blk-map.o
  CC      kernel/trace/ring_buffer.o
  CC      kernel/bpf/reuseport_array.o
  CC      drivers/base/core.o
  CC      mm/backing-dev.o
  CC      fs/f2fs/dir.o
  CC      security/selinux/netport.o
  CC      arch/arm64/kernel/topology.o
  CC      kernel/time/timecounter.o
  CC      crypto/ahash.o
  CC      sound/core/device.o
  CC      kernel/time/alarmtimer.o
  AS      arch/arm64/kernel/smccc-call.o
  CC      block/blk-exec.o
  CC      sound/core/info.o
  AR      kernel/bpf/built-in.a
  CC      crypto/shash.o
  CC      crypto/akcipher.o
  CC      security/selinux/ss/ebitmap.o
  CC      arch/arm64/kernel/syscall.o
  CC      crypto/kpp.o
  CC      kernel/sched/deadline.o
  CC      fs/ext4/extents_status.o
  CC      security/apparmor/resource.o
  CC      fs/f2fs/file.o
  CC      security/apparmor/secid.o
  CC      block/blk-merge.o
  CC      arch/arm64/kernel/sys32.o
  CC      drivers/base/bus.o
  CC      mm/mm_init.o
  CC      kernel/time/posix-timers.o
  CC      security/selinux/ss/hashtab.o
  CC      drivers/base/dd.o
  CC      crypto/rsapubkey.asn1.o
  CC      sound/core/vmaster.o
  CC      net/socket.o
  CC      crypto/rsaprivkey.asn1.o
  CC      security/apparmor/file.o
  CC      arch/arm64/kernel/signal32.o
  CC      kernel/trace/trace.o
  CC      crypto/rsa.o
  CC      fs/fat/cache.o
  CC      security/selinux/ss/symtab.o
  CC      fs/ext4/file.o
  CC      mm/mmu_context.o
  CC      security/selinux/ss/sidtab.o
  CC      sound/core/ctljack.o
  CC      kernel/trace/trace_output.o
  CC      crypto/rsa_helper.o
  CC      block/blk-softirq.o
  CC      kernel/time/posix-cpu-timers.o
  CC      kernel/sched/wait.o
  CC      fs/ext4/fsmap.o
  CC      drivers/base/syscore.o
  CC      sound/core/jack.o
  CC      fs/fat/dir.o
  CC      security/apparmor/policy_ns.o
  CC      crypto/rsa-pkcs1pad.o
  CC      mm/percpu.o
  CC      arch/arm64/kernel/sys_compat.o
  CC      block/blk-timeout.o
  CC      security/selinux/ss/avtab.o
  CC      kernel/time/posix-clock.o
  AS      arch/arm64/kernel/sigreturn32.o
  CC      sound/core/hwdep.o
  CC      crypto/acompress.o
  AS      arch/arm64/kernel/kuser32.o
  CC      kernel/sched/wait_bit.o
  CC      security/apparmor/label.o
  CC      fs/ext4/fsync.o
  CC      arch/arm64/kernel/module.o
  CC      drivers/base/driver.o
  CC      arch/arm64/kernel/module-plts.o
  CC      block/blk-lib.o
  CC      security/selinux/ss/policydb.o
  CC      drivers/base/class.o
  CC      kernel/time/itimer.o
  CC      fs/fat/fatent.o
  CC      fs/ext4/hash.o
  CC      sound/core/timer.o
  CC      sound/core/hrtimer.o
  CC      arch/arm64/kernel/perf_regs.o
  CC      net/802/p8022.o
  CC      crypto/scompress.o
  CC      fs/f2fs/inode.o
  CC      mm/slab_common.o
  CC      arch/arm64/kernel/perf_callchain.o
  CC      kernel/sched/swait.o
  CC      block/blk-mq.o
  CC      kernel/time/clockevents.o
  CC      kernel/trace/trace_seq.o
  CC      fs/ext4/ialloc.o
  CC      drivers/base/platform.o
  CC      security/security.o
  CC      security/apparmor/mount.o
  CC      arch/arm64/kernel/perf_event.o
  CC      security/selinux/ss/services.o
  CC      net/802/psnap.o
  CC      crypto/algboss.o
  CC      fs/fat/file.o
  CC      kernel/trace/trace_stat.o
  CC      kernel/time/tick-common.o
  CC      fs/f2fs/namei.o
  CC      kernel/sched/completion.o
  CC      crypto/testmgr.o
  CC      sound/core/pcm.o
  CC      drivers/base/cpu.o
  CC      arch/arm64/kernel/perf_trace_counters.o
  CC      kernel/trace/trace_printk.o
  CC      net/802/stp.o
  CC      security/apparmor/net.o
  CC      fs/ext4/indirect.o
  CC      mm/compaction.o
  CC      fs/fat/inode.o
  CC      crypto/cmac.o
  CC      kernel/time/tick-broadcast.o
  CC      security/selinux/ss/conditional.o
  CC      drivers/base/firmware.o
  CC      arch/arm64/kernel/perf_trace_user.o
  CC      block/blk-mq-tag.o
  CC      fs/f2fs/hash.o
  CC      sound/core/pcm_native.o
  CC      security/inode.o
  CC      security/apparmor/crypto.o
  CC      kernel/sched/cpupri.o
  AR      net/802/built-in.a
b'In file included from ./include/linux/kobject.h:19,\n' b'                 from ./include/linux/device.h:16,\n' b'                 from ./include/linux/node.h:18,\n' b'                 from ./include/linux/cpu.h:17,\n' b'                 from mm/compaction.c:11:\n' b"In function '__list_cut_position',\n" b"    inlined from 'list_cut_position' at ./include/linux/list.h:368:3,\n" b"    inlined from 'move_freelist_tail' at mm/compaction.c:1215:3:\n" b"./include/linux/list.h:338:21: warning: storing the address of local variable 'sublist' in '*&freepage_6(D)->D.16798.D.16744.lru.next' [-Wdangling-pointer=]\n" error, forbidden warning: list.h:338
make[1]: *** [scripts/Makefile.build:288: mm/compaction.o] Error 1
make: *** [Makefile:1852: mm] Error 2
make: ** Esperando que outros processos terminem.
  CC      crypto/hmac.o
  CC      kernel/trace/trace_sched_switch.o
  CC      net/bluetooth/af_bluetooth.o
  CC      kernel/time/tick-broadcast-hrtimer.o
  CC      drivers/base/init.o
  CC      arch/arm64/kernel/hw_breakpoint.o
  CC      fs/f2fs/super.o
  CC      fs/ext4/inline.o
  CC      kernel/fork.o
  CC      drivers/base/map.o
  CC      kernel/time/sched_clock.o
  CC      crypto/xcbc.o
  CC      fs/fat/misc.o
  CC      kernel/sched/cpudeadline.o
  CC      security/selinux/ss/mls.o
  CC      kernel/trace/trace_nop.o
  CC      kernel/sched/topology.o
  AR      security/apparmor/built-in.a
  CC      security/selinux/ss/status.o
  CC      block/blk-stat.o
  CC      kernel/time/tick-oneshot.o
  CC      drivers/base/devres.o
  AS      arch/arm64/kernel/sleep.o
  CC      arch/arm64/kernel/suspend.o
  CC      crypto/crypto_null.o
  CC      kernel/trace/blktrace.o
  CC      kernel/time/tick-sched.o
  CC      fs/fat/nfs.o
  CC      net/bluetooth/hci_core.o
  CC      arch/arm64/kernel/cpuidle.o
  CC      kernel/sched/stop_task.o
  CC      sound/core/pcm_lib.o
  AR      security/selinux/built-in.a
  CC      security/lsm_audit.o
  CC      block/blk-mq-sysfs.o
  CC      drivers/base/attribute_container.o
  CC      arch/arm64/kernel/jump_label.o
  CC      fs/ext4/inode.o
  CC      fs/fat/namei_vfat.o
  CC      crypto/md5.o
  CC      kernel/time/vsyscall.o
  CC      arch/arm64/kernel/efi.o
  CC      kernel/trace/trace_events.o
  CC      kernel/sched/pelt.o
  CC      block/blk-mq-cpumap.o
  AS      arch/arm64/kernel/efi-entry.o
  CC      drivers/base/transport_class.o
  CC      security/device_cgroup.o
  AR      kernel/time/built-in.a
  CC      fs/f2fs/inline.o
  CC      kernel/sched/stats.o
  AS      arch/arm64/kernel/efi-rt-wrapper.o
  CC      kernel/exec_domain.o
  CC      arch/arm64/kernel/pci.o
  CC      fs/fat/namei_msdos.o
  CC      crypto/sha1_generic.o
  CC      drivers/base/topology.o
  CC      drivers/block/brd.o
  AR      security/built-in.a
  CC      kernel/trace/trace_export.o
  CC      fs/ext4/ioctl.o
  CC      block/blk-mq-sched.o
  CC      arch/arm64/kernel/armv8_deprecated.o
  AR      fs/fat/built-in.a
  CC      sound/core/pcm_misc.o
  CC      net/bluetooth/hci_conn.o
  CC      drivers/block/loop.o
  CC      kernel/sched/debug.o
  CC      drivers/base/container.o
  CC      block/ioctl.o
  CC      crypto/sha256_generic.o
  CC      kernel/trace/trace_event_perf.o
  CC      drivers/base/property.o
  CC      fs/f2fs/checkpoint.o
  CC      block/genhd.o
  CC      arch/arm64/kernel/paravirt.o
  CC      sound/core/pcm_memory.o
  CC      arch/arm64/kernel/bootinfo.o
  CC      drivers/bus/qcom-ebi2.o
  CC      drivers/bluetooth/hci_ldisc.o
  CC      crypto/sha512_generic.o
b"arch/arm64/kernel/bootinfo.c:237:25: warning: conflicting types for 'powerup_reason' due to enum/integer mismatch; have 'u32' {aka 'unsigned int'} [-Wenum-int-mismatch]\n" error, forbidden warning: bootinfo.c:237
  CC      crypto/blake2b_generic.o
make[2]: *** [scripts/Makefile.build:288: arch/arm64/kernel/bootinfo.o] Error 1
make[1]: *** [scripts/Makefile.build:558: arch/arm64/kernel] Error 2
make: *** [Makefile:1852: arch/arm64] Error 2
  CC      drivers/bluetooth/hci_serdev.o
  CC      drivers/block/zram/zcomp.o
  AR      drivers/bus/built-in.a
  CC      drivers/block/zram/zram_drv.o
  CC      kernel/trace/trace_events_filter.o
  CC      kernel/sched/cpuacct.o
  CC      net/bpf/test_run.o
  CC      net/bluetooth/hci_event.o
  CC      drivers/base/cacheinfo.o
  CC      sound/core/memalloc.o
  CC      net/bluetooth/mgmt.o
  CC      net/bluetooth/hci_sock.o
  CC      net/bluetooth/hci_sysfs.o
  CC      fs/ext4/mballoc.o
  CC      block/partition-generic.o
  CC      drivers/base/devcon.o
  CC      kernel/sched/cpufreq.o
  CC      fs/f2fs/gc.o
  CC      crypto/gf128mul.o
  AR      drivers/block/zram/built-in.a
  AR      drivers/block/built-in.a
  CC      drivers/base/swnode.o
  CC      sound/core/pcm_timer.o
  CC      drivers/bluetooth/hci_h4.o
  CC      drivers/base/firmware_loader/fallback_table.o
  AR      net/bpf/built-in.a
  CC      kernel/trace/trace_events_trigger.o
  CC      kernel/trace/bpf_trace.o
  CC      kernel/sched/cpufreq_schedutil.o
  CC      sound/core/pcm_drm_eld.o
  CC      drivers/base/power/sysfs.o
  CC      crypto/ecb.o
  CC      block/ioprio.o
  CC      drivers/base/firmware_loader/main.o
  CC      drivers/bluetooth/hci_ll.o
  CC      crypto/cbc.o
  CC      drivers/base/power/generic_ops.o
  CC      sound/core/pcm_iec958.o
  CC      kernel/trace/trace_kprobe.o
  CC      kernel/sched/membarrier.o
  CC      drivers/base/power/common.o
  CC      sound/core/pcm_dmaengine.o
  CC      crypto/cts.o
  CC      fs/f2fs/data.o
  CC      crypto/xts.o
  CC      sound/core/rawmidi.o
  CC      block/badblocks.o
  CC      drivers/bluetooth/hci_bcm.o
  CC      drivers/base/power/qos.o
  CC      sound/core/compress_offload.o
  CC      drivers/base/regmap/regmap.o
  CC      drivers/base/firmware_loader/fallback.o
  CC      drivers/base/regmap/regcache.o
  CC      kernel/sched/isolation.o
  CC      crypto/ctr.o
  CC      drivers/base/regmap/regcache-rbtree.o
  CC      net/bluetooth/l2cap_core.o
  CC      kernel/trace/power-traces.o
  CC      drivers/bluetooth/hci_qca.o
  CC      fs/ext4/migrate.o
  AR      drivers/base/firmware_loader/built-in.a
  CC      net/bluetooth/l2cap_sock.o
  CC      block/partitions/check.o
  CC      crypto/adiantum.o
  CC      kernel/panic.o
  CC      fs/fuse/dev.o
  CC      fs/f2fs/node.o
  CC      block/partitions/msdos.o
  CC      drivers/base/power/runtime.o
  CC      net/bridge/br.o
  AR      sound/core/built-in.a
  CC      fs/ext4/mmp.o
  CC      kernel/sched/psi.o
  CC      drivers/bluetooth/btsdio.o
  CC      crypto/nhpoly1305.o
  CC      sound/soc/soc-core.o
  CC      sound/soc/soc-dapm.o
  CC      block/partitions/efi.o
b'In file included from ./include/trace/define_trace.h:102,\n' b'                 from ./include/trace/events/psi.h:72,\n' b'                 from kernel/sched/psi.c:146:\n' b"./include/trace/events/psi.h: In function 'trace_raw_output_psi_event':\n" b"./include/trace/events/psi.h:64:19: warning: '#' flag used with '%u' gnu_printf format [-Wformat=]\n" error, forbidden warning: psi.h:64
make[2]: *** [scripts/Makefile.build:288: kernel/sched/psi.o] Error 1
make[1]: *** [scripts/Makefile.build:558: kernel/sched] Error 2
make[1]: ** Esperando que outros processos terminem.
  CC      drivers/base/power/wakeirq.o
  CC      fs/ext4/move_extent.o
  CC      net/bluetooth/smp.o
  CC      drivers/bluetooth/btbcm.o
  CC      kernel/trace/rpm-traces.o
  CC      drivers/base/regmap/regcache-flat.o
  CC      net/bridge/br_device.o
  CC      drivers/base/power/main.o
  CC      crypto/gcm.o
  CC      block/blk-rq-qos.o
  AR      block/partitions/built-in.a
  CC      drivers/bluetooth/btqca.o
  CC      fs/ext4/namei.o
  CC      net/core/sock.o
  CC      fs/fuse/dir.o
  CC      drivers/base/regmap/regmap-i2c.o
  CC      block/scsi_ioctl.o
  CC      kernel/trace/trace_dynevent.o
  CC      crypto/ccm.o
  CC      fs/f2fs/segment.o
  CC      net/bridge/br_fdb.o
  CC      drivers/base/regmap/regmap-spi.o
  CC      drivers/base/regmap/regmap-spmi.o
  CC      kernel/trace/trace_probe.o
  CC      fs/f2fs/recovery.o
  CC      fs/fuse/file.o
  AR      drivers/bluetooth/built-in.a
  CC      crypto/chacha20poly1305.o
  CC      fs/fuse/inode.o
  CC      drivers/base/power/wakeup.o
  CC      block/bsg.o
  CC      drivers/base/power/wakeup_stats.o
  CC      net/ethernet/eth.o
  CC      drivers/base/regmap/regmap-mmio.o
  CC      sound/soc/soc-jack.o
  CC      crypto/cryptd.o
  CC      kernel/trace/trace_uprobe.o
  CC      fs/ext4/page-io.o
  CC      net/bluetooth/lib.o
  CC      crypto/des_generic.o
  CC      fs/incfs/data_mgmt.o
  CC      drivers/base/regmap/regmap-irq.o
  CC      block/bsg-lib.o
  CC      net/bridge/br_forward.o
  CC      drivers/base/power/domain.o
  CC      fs/ext4/readpage.o
  CC      drivers/base/power/domain_governor.o
  AR      net/ethernet/built-in.a
  CC      block/blk-cgroup.o
  CC      crypto/aes_generic.o
  CC      sound/soc/soc-utils.o
  CC      drivers/char/hw_random/core.o
  CC      net/core/request_sock.o
  CC      net/bluetooth/ecdh_helper.o
  CC      kernel/trace/ipc_logging.o
  CC      fs/incfs/format.o
  CC      fs/ext4/resize.o
  CC      fs/iomap/apply.o
  CC      fs/fuse/control.o
  CC      fs/f2fs/shrinker.o
  CC      net/bluetooth/hci_request.o
  CC      net/core/skbuff.o
  CC      fs/iomap/buffered-io.o
  CC      crypto/chacha_generic.o
  AR      drivers/base/regmap/built-in.a
  CC      net/bridge/br_if.o
  CC      sound/soc/soc-dai.o
  CC      fs/incfs/integrity.o
  CC      drivers/char/hw_random/hisi-rng.o
  CC      drivers/base/memory.o
  CC      drivers/base/power/clock_ops.o
  CC      fs/f2fs/extent_cache.o
  CC      fs/fuse/xattr.o
  CC      fs/incfs/main.o
  CC      drivers/char/hw_random/msm_rng.o
  CC      block/mq-deadline.o
  AR      kernel/trace/built-in.a
make: *** [Makefile:1852: kernel] Error 2
  CC      fs/ext4/super.o
  CC      fs/incfs/vfs.o
  CC      fs/fuse/acl.o
  CC      sound/soc/soc-component.o
  CC      drivers/base/module.o
  CC      drivers/base/hypervisor.o
  CC      crypto/poly1305_generic.o
  CC      net/bridge/br_input.o
  AR      drivers/char/hw_random/built-in.a
  CC      drivers/char/mem.o
  AR      drivers/base/power/built-in.a
  CC      crypto/deflate.o
  CC      block/kyber-iosched.o
  CC      fs/f2fs/sysfs.o
  CC      fs/fuse/readdir.o
  CC      fs/iomap/direct-io.o
  CC      net/ipv4/route.o
  CC      drivers/base/soc.o
  CC      net/ipv4/inetpeer.o
  CC      fs/ext4/symlink.o
  CC      crypto/crc32c_generic.o
  CC      net/bluetooth/mgmt_util.o
  CC      sound/soc/soc-pcm.o
  CC      drivers/char/random.o
  AR      fs/fuse/built-in.a
  CC      net/core/datagram.o
  CC      fs/iomap/fiemap.o
  CC      crypto/crc32_generic.o
  CC      drivers/base/pinctrl.o
  CC      net/bridge/br_ioctl.o
  AR      fs/incfs/built-in.a
  CC      fs/f2fs/debug.o
  CC      fs/iomap/seek.o
  CC      crypto/authenc.o
  CC      block/bfq-iosched.o
  CC      drivers/base/platform-msi.o
  CC      net/bluetooth/sco.o
  CC      net/bluetooth/a2mp.o
  CC      drivers/char/misc.o
  CC      fs/f2fs/xattr.o
  CC      fs/jbd2/transaction.o
  CC      fs/iomap/swapfile.o
  CC      net/bridge/br_stp.o
  CC      sound/soc/soc-io.o
  CC      drivers/base/arch_topology.o
  CC      crypto/authencesn.o
  CC      fs/jbd2/commit.o
  CC      net/bluetooth/amp.o
  CC      fs/f2fs/acl.o
  CC      sound/usb/card.o
  CC      net/bluetooth/hidp/core.o
  AR      fs/iomap/built-in.a
  CC      fs/ext4/sysfs.o
  CC      drivers/char/adsprpc.o
  CC      net/core/stream.o
  CC      net/bridge/br_stp_bpdu.o
  CC      net/ipv4/protocol.o
  CC      sound/soc/soc-devres.o
  CC      crypto/lzo.o
  CC      fs/f2fs/verity.o
  CC      block/bfq-wf2q.o
b'In file included from ./include/linux/printk.h:7,\n' b'                 from ./include/linux/kernel.h:15,\n' b'                 from ./include/asm-generic/bug.h:19,\n' b'                 from ./arch/arm64/include/asm/bug.h:26,\n' b'                 from ./include/linux/bug.h:5,\n' b'                 from ./include/linux/scatterlist.h:7,\n' b'                 from ./include/linux/dma-buf.h:18,\n' b'                 from drivers/char/adsprpc.c:14:\n' b"drivers/char/adsprpc.c: In function 'context_build_overlap':\n" b"./include/linux/kern_levels.h:5:25: warning: format '%llx' expects argument of type 'long long unsigned int', but argument 5 has type 'long unsigned int' [-Wformat=]\n" error, forbidden warning: kern_levels.h:5
make[2]: *** [scripts/Makefile.build:288: drivers/char/adsprpc.o] Error 1
make[1]: *** [scripts/Makefile.build:558: drivers/char] Error 2
make[1]: ** Esperando que outros processos terminem.
  CC      sound/soc/soc-ops.o
  CC      sound/soc/soc-topology.o
  AR      drivers/base/built-in.a
make: *** [Makefile:1852: drivers] Error 2
  CC      sound/soc/soc-generic-dmaengine-pcm.o
  CC      net/ipv6/af_inet6.o
  CC      crypto/lzo-rle.o
  CC      sound/usb/clock.o
  CC      net/core/scm.o
  CC      fs/jbd2/recovery.o
  CC      net/bridge/br_stp_if.o
  CC      sound/usb/endpoint.o
  AR      fs/f2fs/built-in.a
  CC      net/core/gen_stats.o
  CC      block/bfq-cgroup.o
  CC      crypto/lz4.o
  CC      block/compat_ioctl.o
  CC      crypto/rng.o
  CC      fs/ext4/xattr.o
  CC      fs/jbd2/checkpoint.o
  CC      net/ipv4/ip_input.o
  CC      net/bluetooth/hidp/sock.o
  CC      crypto/ansi_cprng.o
  CC      net/ipv6/anycast.o
  CC      net/bridge/br_stp_timer.o
  CC      net/bridge/br_netlink.o
  CC      sound/usb/format.o
  CC      net/bluetooth/rfcomm/core.o
  CC      sound/soc/soc-compress.o
  CC      block/blk-mq-pci.o
  CC      fs/jbd2/revoke.o
  CC      net/ipv6/ip6_output.o
  CC      fs/ext4/xattr_trusted.o
  CC      net/core/gen_estimator.o
  AR      net/bluetooth/hidp/built-in.a
  CC      sound/usb/helper.o
  CC      crypto/drbg.o
  CC      net/ipv4/ip_fragment.o
  CC      fs/ext4/xattr_user.o
  CC      fs/kernfs/mount.o
  CC      net/ipv6/ip6_input.o
  CC      fs/jbd2/journal.o
  CC      fs/nls/nls_base.o
  CC      sound/usb/mixer.o
  CC      fs/notify/fsnotify.o
  CC      block/blk-mq-virtio.o
  CC      fs/kernfs/inode.o
  CC      fs/overlayfs/super.o
  CC      net/bridge/br_netlink_tunnel.o
  CC      fs/ext4/acl.o
  CC      crypto/jitterentropy.o
  CC      fs/nls/nls_cp437.o
  CC      crypto/jitterentropy-kcapi.o
  AR      sound/soc/built-in.a
  CC      net/core/net_namespace.o
  CC      fs/kernfs/dir.o
  CC      fs/notify/notification.o
  CC      block/blk-pm.o
  CC      fs/nls/nls_cp737.o
  CC      net/bluetooth/rfcomm/sock.o
  CC      net/bridge/br_arp_nd_proxy.o
  CC      fs/ext4/xattr_security.o
  CC      fs/proc/task_mmu.o
  CC      fs/overlayfs/namei.o
  CC      fs/nls/nls_cp775.o
  CC      net/ipv4/ip_forward.o
  CC      crypto/ghash-generic.o
  CC      net/core/secure_seq.o
  CC      fs/nls/nls_cp850.o
  CC      fs/notify/group.o
  CC      sound/usb/mixer_quirks.o
  CC      fs/ext4/verity.o
  CC      crypto/zstd.o
  CC      fs/nls/nls_cp852.o
  CC      block/keyslot-manager.o
  CC      net/bridge/br_sysfs_if.o
  CC      fs/overlayfs/util.o
  CC      fs/kernfs/file.o
  CC      net/ipv6/addrconf.o
  CC      net/bluetooth/rfcomm/tty.o
  CC      fs/nls/nls_cp855.o
  AR      fs/jbd2/built-in.a
  CC      fs/proc/inode.o
  CC      block/bio-crypt-ctx.o
  AR      fs/ext4/built-in.a
  CC      net/ipv4/ip_options.o
  CC      crypto/ecc.o
  CC      net/key/af_key.o
  CC      fs/notify/mark.o
  CC      fs/nls/nls_cp857.o
  CC      net/core/flow_dissector.o
  CC      sound/usb/mixer_scarlett.o
  CC      fs/overlayfs/inode.o
  CC      net/core/sysctl_net_core.o
  CC      net/bridge/br_sysfs_br.o
  CC      fs/proc/root.o
  CC      fs/nls/nls_cp860.o
  CC      net/core/dev.o
  CC      fs/kernfs/symlink.o
  CC      sound/usb/mixer_scarlett_gen2.o
  CC      fs/nls/nls_cp861.o
  CC      block/blk-crypto.o
  CC      fs/overlayfs/file.o
  AR      net/bluetooth/rfcomm/built-in.a
  AR      net/bluetooth/built-in.a
  CC      net/core/ethtool.o
  CC      fs/proc/base.o
  CC      fs/notify/fdinfo.o
  AR      fs/kernfs/built-in.a
  CC      fs/pstore/inode.o
  CC      fs/nls/nls_cp862.o
  CC      net/bridge/br_multicast.o
  CC      fs/notify/inotify/inotify_fsnotify.o
  CC      fs/nls/nls_cp863.o
  CC      net/ipv4/ip_output.o
  CC      crypto/essiv.o
  CC      fs/overlayfs/dir.o
  CC      fs/notify/inotify/inotify_user.o
  CC      block/blk-crypto-fallback.o
  CC      fs/pstore/platform.o
  CC      fs/nls/nls_cp864.o
  CC      sound/usb/mixer_us16x08.o
  AR      net/key/built-in.a
  CC      net/l2tp/l2tp_core.o
  CC      fs/nls/nls_cp865.o
  CC      net/ipv4/ip_sockglue.o
  CC      net/ipv6/addrlabel.o
  CC      fs/nls/nls_cp866.o
  CC      crypto/ecdh.o
  CC      sound/usb/pcm.o
  CC      fs/proc/generic.o
  CC      fs/overlayfs/readdir.o
  CC      fs/pstore/pmsg.o
  AR      fs/notify/inotify/built-in.a
  AR      fs/notify/built-in.a
  CC      fs/nls/nls_cp869.o
  CC      fs/overlayfs/copy_up.o
  AR      block/built-in.a
  CC      net/l2tp/l2tp_ppp.o
  CC      crypto/ecdh_helper.o
  CC      fs/nls/nls_cp874.o
  CC      fs/overlayfs/export.o
  CC      fs/pstore/ram.o
  CC      net/ipv6/route.o
  CC      net/llc/llc_core.o
  CC      fs/proc/array.o
  CC      crypto/ecdsa.o
  CC      fs/nls/nls_cp932.o
  CC      net/mac80211/main.o
  AR      fs/overlayfs/built-in.a
  CC      sound/last.o
  CC      net/bridge/br_mdb.o
  CC      sound/usb/power.o
  CC      net/mac80211/status.o
  CC      fs/nls/nls_euc-jp.o
  CC      net/netfilter/core.o
  AR      net/l2tp/built-in.a
  CC      net/llc/llc_input.o
  CC      crypto/ecdsasignature.asn1.o
  CC      net/netlink/af_netlink.o
  CC      fs/proc/fd.o
  CC      fs/pstore/ram_core.o
  CC      sound/usb/proc.o
  CC      crypto/asymmetric_keys/asymmetric_type.o
  CC      crypto/asymmetric_keys/restrict.o
  CC      net/ipv4/inet_hashtables.o
  CC      fs/nls/nls_cp936.o
  CC      fs/nls/nls_cp949.o
  CC      fs/nls/nls_cp950.o
  CC      fs/proc/proc_tty.o
  CC      sound/usb/quirks.o
  CC      net/mac80211/driver-ops.o
  CC      crypto/asymmetric_keys/signature.o
  CC      net/netlink/genetlink.o
  AR      net/bridge/built-in.a
  CC      net/core/dev_addr_lists.o
  CC      net/llc/llc_output.o
  AR      fs/pstore/built-in.a
  CC      net/packet/af_packet.o
  CC      fs/nls/nls_cp1250.o
  CC      fs/proc/cmdline.o
  CC      fs/nls/nls_cp1251.o
  CC      crypto/asymmetric_keys/public_key.o
  CC      net/netfilter/nf_log.o
  CC      sound/usb/stream.o
  CC      fs/proc/consoles.o
  CC      fs/nls/nls_ascii.o
  AR      net/llc/built-in.a
  CC      net/ipv4/inet_timewait_sock.o
  CC      fs/nls/nls_iso8859-1.o
  CC      net/ipv4/inet_connection_sock.o
  CC      net/ipv6/ip6_fib.o
  CC      net/mac80211/sta_info.o
  CC      fs/proc/cpuinfo.o
  CC      crypto/asymmetric_keys/x509.asn1.o
  CC      fs/nls/nls_iso8859-2.o
  CC      net/ipv6/ipv6_sockglue.o
  CC      net/netfilter/nf_queue.o
  CC      crypto/asymmetric_keys/x509_akid.asn1.o
  CC      sound/usb/validate.o
  CC      fs/proc/devices.o
  CC      net/core/dst.o
  CC      crypto/asymmetric_keys/x509_cert_parser.o
  AR      net/netlink/built-in.a
  CC      crypto/hash_info.o
  CC      fs/nls/nls_iso8859-3.o
  CC      sound/usb/media.o
  CC      fs/proc/interrupts.o
  CC      sound/usb/midi.o
  CC      net/ipv4/tcp.o
  CC      net/netfilter/nf_sockopt.o
  CC      fs/nls/nls_iso8859-4.o
  CC      fs/nls/nls_iso8859-5.o
  CC      fs/proc/loadavg.o
  CC      crypto/asymmetric_keys/x509_public_key.o
  CC      net/mac80211/wep.o
  CC      net/ipv4/tcp_input.o
  CC      fs/nls/nls_iso8859-6.o
  CC      crypto/simd.o
  CC      fs/proc/meminfo.o
  CC      fs/proc/stat.o
  CC      fs/nls/nls_iso8859-7.o
  CC      fs/quota/dquot.o
  CC      crypto/asymmetric_keys/pkcs7.asn1.o
  CC      net/mac80211/aead_api.o
  CC      net/core/netevent.o
  CC      fs/quota/quota_v2.o
  CC      crypto/asymmetric_keys/pkcs7_parser.o
b"fs/proc/meminfo.c: In function 'show_val_kb':\n" b"fs/proc/meminfo.c:52:69: warning: format '%lld' expects argument of type 'long long int', but argument 4 has type 'long unsigned int' [-Wformat=]\n" error, forbidden warning: meminfo.c:52
make[2]: *** [scripts/Makefile.build:288: fs/proc/meminfo.o] Error 1
make[2]: ** Esperando que outros processos terminem.
  AR      net/packet/built-in.a
  CC      fs/nls/nls_cp1255.o
  CC      net/qrtr/qrtr.o
  CC      fs/ramfs/inode.o
  CC      net/netfilter/utils.o
  CC      net/ipv6/ndisc.o
make[1]: *** [scripts/Makefile.build:558: fs/proc] Error 2
make[1]: ** Esperando que outros processos terminem.
  CC      net/ipv4/tcp_output.o
  CC      sound/usb/usb_audio_qmi_v01.o
  CC      fs/nls/nls_iso8859-9.o
  CC      fs/ramfs/file-mmu.o
  CC      fs/quota/quota_tree.o
  CC      net/netfilter/nfnetlink.o
  CC      sound/usb/usb_audio_qmi_svc.o
  CC      net/qrtr/ns.o
  CC      crypto/asymmetric_keys/pkcs7_trust.o
  CC      fs/nls/nls_iso8859-13.o
  AR      fs/ramfs/built-in.a
  CC      net/core/neighbour.o
  CC      net/ipv6/udp.o
  CC      net/mac80211/wpa.o
  CC      net/netfilter/nfnetlink_queue.o
  CC      fs/nls/nls_iso8859-14.o
  CC      crypto/asymmetric_keys/pkcs7_verify.o
  CC      fs/nls/nls_iso8859-15.o
  CC      fs/quota/quota.o
  CC      net/ipv4/tcp_timer.o
  CC      fs/nls/nls_koi8-r.o
  CC      net/ipv4/tcp_ipv4.o
  AR      sound/usb/built-in.a
  AR      sound/built-in.a
  CC      net/netfilter/nfnetlink_log.o
  CC      fs/nls/nls_koi8-u.o
  AR      crypto/asymmetric_keys/built-in.a
  AR      crypto/built-in.a
  CC      net/ipv4/tcp_minisocks.o
  CC      net/mac80211/scan.o
  CC      net/core/rtnetlink.o
  CC      fs/quota/kqid.o
  CC      net/rfkill/core.o
  CC      fs/nls/nls_koi8-ru.o
  CC      net/qrtr/smd.o
  CC      net/netfilter/nf_conntrack_core.o
  CC      fs/nls/nls_utf8.o
  CC      net/ipv4/tcp_cong.o
  AR      fs/quota/built-in.a
  CC      net/ipv4/tcp_metrics.o
  CC      net/core/utils.o
  AR      net/qrtr/built-in.a
  CC      net/ipv6/udplite.o
  CC      fs/nls/mac-celtic.o
  CC      net/sched/sch_generic.o
  CC      fs/nls/mac-centeuro.o
  CC      net/core/link_watch.o
  AR      net/rfkill/built-in.a
  CC      net/netfilter/nf_conntrack_standalone.o
  CC      fs/nls/mac-croatian.o
  CC      net/tipc/addr.o
  CC      net/ipv4/tcp_fastopen.o
  CC      net/sched/sch_mq.o
  CC      net/mac80211/offchannel.o
  CC      net/ipv6/raw.o
  CC      net/ipv4/tcp_rate.o
  CC      net/ipv4/tcp_recovery.o
  CC      fs/nls/mac-cyrillic.o
  CC      net/tipc/bcast.o
  CC      net/unix/af_unix.o
  CC      net/netfilter/nf_conntrack_expect.o
  CC      fs/nls/mac-gaelic.o
  CC      net/sched/sch_api.o
  CC      net/netfilter/nf_conntrack_helper.o
  CC      net/netfilter/nf_conntrack_proto.o
  CC      fs/nls/mac-greek.o
  CC      net/core/filter.o
  CC      net/ipv4/tcp_ulp.o
  CC      net/tipc/bearer.o
  CC      net/xdp/xsk.o
  CC      net/unix/garbage.o
  CC      net/wireless/core.o
  CC      net/ipv6/icmp.o
  CC      fs/nls/mac-iceland.o
  CC      net/xfrm/xfrm_policy.o
  CC      fs/nls/mac-inuit.o
  CC      net/core/sock_diag.o
  CC      net/mac80211/ht.o
  CC      net/compat.o
  CC      fs/nls/mac-romanian.o
  CC      net/xfrm/xfrm_state.o
  CC      net/netfilter/nf_conntrack_proto_generic.o
  CC      net/ipv4/tcp_offload.o
  CC      net/xfrm/xfrm_hash.o
  CC      fs/nls/mac-roman.o
  CC      net/tipc/core.o
  CC      net/unix/sysctl_net_unix.o
  CC      fs/nls/mac-turkish.o
  CC      net/sched/sch_blackhole.o
  CC      net/xdp/xdp_umem.o
  CC      net/ipv6/mcast.o
  CC      net/netfilter/nf_conntrack_proto_tcp.o
  CC      net/sched/cls_api.o
  AR      fs/nls/built-in.a
make: *** [Makefile:1852: fs] Error 2
  CC      net/core/dev_ioctl.o
  CC      net/unix/scm.o
  CC      net/netfilter/nf_conntrack_proto_udp.o
  CC      net/tipc/link.o
  CC      net/sysctl_net.o
  CC      net/wireless/sysfs.o
  CC      net/ipv4/datagram.o
  CC      net/mac80211/agg-tx.o
  CC      net/xfrm/xfrm_input.o
  CC      net/mac80211/agg-rx.o
  CC      net/netfilter/nf_conntrack_proto_icmp.o
  CC      net/xdp/xsk_queue.o
  CC      net/tipc/discover.o
  AR      net/unix/built-in.a
  CC      net/ipv4/raw.o
  CC      net/mac80211/vht.o
  CC      net/wireless/radiotap.o
  CC      net/sched/act_api.o
  CC      net/ipv6/reassembly.o
  CC      net/xfrm/xfrm_output.o
  CC      net/netfilter/nf_conntrack_extend.o
  CC      net/mac80211/he.o
  AR      net/xdp/built-in.a
  CC      net/netfilter/nf_conntrack_acct.o
  CC      net/core/tso.o
  CC      net/tipc/msg.o
  CC      net/sched/act_police.o
  CC      net/netfilter/nf_conntrack_seqadj.o
  CC      net/ipv4/udp.o
  CC      net/netfilter/nf_conntrack_proto_icmpv6.o
  CC      net/wireless/util.o
  CC      net/xfrm/xfrm_sysctl.o
  CC      net/core/sock_reuseport.o
  CC      net/tipc/name_distr.o
  CC      net/ipv6/tcp_ipv6.o
  CC      net/sched/act_bpf.o
  CC      net/wireless/reg.o
  CC      net/tipc/subscr.o
  CC      net/mac80211/ibss.o
  CC      net/ipv6/ping.o
  CC      net/core/fib_notifier.o
  CC      net/ipv4/udplite.o
  CC      net/xfrm/xfrm_replay.o
  CC      net/netfilter/nf_conntrack_ecache.o
  CC      net/wireless/scan.o
  CC      net/wireless/nl80211.o
  CC      net/sched/sch_fifo.o
  CC      net/core/xdp.o
  CC      net/tipc/monitor.o
  CC      net/ipv6/exthdrs.o
  CC      net/mac80211/iface.o
  CC      net/mac80211/rate.o
  CC      net/tipc/name_table.o
  CC      net/tipc/net.o
  CC      net/netfilter/nf_conntrack_proto_dccp.o
  CC      net/wireless/mlme.o
  CC      net/xfrm/xfrm_device.o
  CC      net/xfrm/xfrm_proc.o
  CC      net/sched/sch_htb.o
  CC      net/sched/sch_ingress.o
  CC      net/core/flow_offload.o
  CC      net/ipv6/datagram.o
  CC      net/ipv4/udp_offload.o
  CC      net/mac80211/michael.o
  CC      net/tipc/netlink.o
  CC      net/netfilter/nf_conntrack_proto_sctp.o
  CC      net/xfrm/xfrm_algo.o
  CC      net/ipv6/ip6_flowlabel.o
  CC      net/core/net-sysfs.o
  CC      net/mac80211/tkip.o
  CC      net/mac80211/aes_cmac.o
  CC      net/sched/sch_prio.o
  CC      net/ipv6/inet6_connection_sock.o
  CC      net/ipv4/arp.o
  CC      net/mac80211/aes_gmac.o
  CC      net/tipc/netlink_compat.o
  CC      net/wireless/ibss.o
  CC      net/netfilter/nf_conntrack_proto_gre.o
  CC      net/core/net-procfs.o
  CC      net/ipv6/udp_offload.o
  CC      net/wireless/sme.o
  CC      net/sched/cls_u32.o
  CC      net/xfrm/xfrm_user.o
  CC      net/ipv4/icmp.o
  CC      net/tipc/node.o
  CC      net/netfilter/nf_conntrack_netlink.o
  CC      net/mac80211/fils_aead.o
  CC      net/wireless/chan.o
  CC      net/core/fib_rules.o
  CC      net/ipv6/seg6.o
  CC      net/netfilter/nf_conntrack_amanda.o
  CC      net/core/net-traces.o
  CC      net/xfrm/xfrm_ipcomp.o
  CC      net/sched/cls_fw.o
  CC      net/xfrm/xfrm_interface.o
  CC      net/ipv6/fib6_notifier.o
  CC      net/mac80211/cfg.o
  CC      net/mac80211/ethtool.o
  CC      net/sched/cls_bpf.o
  CC      net/core/dst_cache.o
  CC      net/ipv4/devinet.o
  CC      net/ipv6/sysctl_net_ipv6.o
  CC      net/sched/cls_matchall.o
  CC      net/ipv6/xfrm6_policy.o
  CC      net/tipc/socket.o
  CC      net/netfilter/nf_conntrack_ftp.o
  CC      net/ipv4/af_inet.o
  CC      net/ipv4/igmp.o
  CC      net/sched/ematch.o
  CC      net/ipv6/xfrm6_state.o
  AR      net/xfrm/built-in.a
  CC      net/netfilter/nf_conntrack_h323_main.o
  CC      net/wireless/ethtool.o
  CC      net/mac80211/rx.o
  CC      net/ipv4/fib_frontend.o
  CC      net/ipv4/fib_semantics.o
  CC      net/sched/em_u32.o
  CC      net/ipv6/xfrm6_input.o
  CC      net/wireless/mesh.o
  CC      net/tipc/eth_media.o
  AR      net/sched/built-in.a
  CC      net/core/gro_cells.o
  CC      net/ipv4/fib_trie.o
  CC      net/netfilter/nf_conntrack_h323_asn1.o
  CC      net/mac80211/spectmgmt.o
  CC      net/wireless/ap.o
  CC      net/tipc/topsrv.o
  CC      net/wireless/trace.o
  CC      net/netfilter/nf_conntrack_irc.o
  CC      net/core/bpf_sk_storage.o
  CC      net/mac80211/tx.o
  CC      net/ipv6/xfrm6_output.o
  CC      net/netfilter/nf_conntrack_broadcast.o
  CC      net/ipv6/xfrm6_protocol.o
  CC      net/mac80211/key.o
  CC      net/tipc/group.o
  CC      net/wireless/ocb.o
  CC      net/tipc/trace.o
  CC      net/netfilter/nf_conntrack_netbios_ns.o
  AR      net/core/built-in.a
  CC      net/wireless/pmsr.o
  CC      net/ipv4/fib_notifier.o
  CC      net/tipc/udp_media.o
  CC      net/tipc/sysctl.o
  CC      net/netfilter/nf_conntrack_pptp.o
  CC      net/mac80211/util.o
  CC      net/ipv6/netfilter.o
  CC      net/ipv4/inet_fragment.o
  CC      net/tipc/diag.o
  CC      net/ipv6/fib6_rules.o
  CC      net/wireless/of.o
  CC      net/mac80211/wme.o
  CC      net/ipv6/proc.o
  CC      net/ipv4/ping.o
  CC      net/netfilter/nf_conntrack_sane.o
  CC      net/mac80211/chan.o
  AR      net/tipc/built-in.a
  CC      net/ipv6/syncookies.o
  CC      net/mac80211/trace.o
  CC      net/ipv6/esp6.o
  CC      net/ipv4/ip_tunnel_core.o
  CC      net/netfilter/nf_conntrack_tftp.o
  CC      net/ipv6/ipcomp6.o
  CC      net/mac80211/mlme.o
  CC      net/netfilter/nf_nat_core.o
  CC      net/mac80211/tdls.o
  CC      net/ipv6/xfrm6_tunnel.o
  CC      net/ipv6/tunnel6.o
  CC      net/mac80211/ocb.o
  CC      net/ipv4/gre_offload.o
  CC      net/netfilter/nf_nat_proto.o
  CC      net/wireless/shipped-certs.o
  CC      net/ipv6/mip6.o
  CC      net/ipv4/metrics.o
  CC      net/netfilter/nf_nat_helper.o
  CC      net/ipv4/netlink.o
  CC      net/netfilter/nf_nat_redirect.o
  CC      net/ipv6/netfilter/ip6_tables.o
  CC      net/ipv4/nexthop.o
  CC      net/netfilter/nf_nat_masquerade.o
  CC      net/wireless/wext-core.o
  CC      net/ipv6/netfilter/ip6table_filter.o
  CC      net/netfilter/nf_nat_amanda.o
  CC      net/ipv4/ip_tunnel.o
  CC      net/ipv6/ip6_vti.o
  CC      net/ipv6/sit.o
  CC      net/ipv6/ip6_tunnel.o
  CC      net/ipv6/netfilter/ip6table_mangle.o
  CC      net/wireless/wext-proc.o
  CC      net/ipv6/netfilter/ip6table_raw.o
  CC      net/ipv6/ip6_gre.o
  CC      net/netfilter/nf_nat_ftp.o
  CC      net/mac80211/pm.o
  CC      net/mac80211/rc80211_minstrel.o
  CC      net/ipv6/netfilter/nf_defrag_ipv6_hooks.o
  CC      net/wireless/wext-spy.o
  CC      net/ipv6/addrconf_core.o
  CC      net/ipv6/netfilter/nf_conntrack_reasm.o
  CC      net/ipv6/exthdrs_core.o
  CC      net/netfilter/nf_nat_irc.o
  CC      net/ipv6/netfilter/nf_socket_ipv6.o
  CC      net/ipv4/sysctl_net_ipv4.o
  CC      net/ipv6/netfilter/nf_tproxy_ipv6.o
  CC      net/mac80211/rc80211_minstrel_ht.o
  CC      net/ipv6/ip6_checksum.o
  CC      net/netfilter/nf_nat_tftp.o
  CC      net/wireless/wext-priv.o
  CC      net/ipv6/netfilter/nf_reject_ipv6.o
  CC      net/ipv6/netfilter/nf_dup_ipv6.o
  CC      net/netfilter/nf_conncount.o
  CC      net/ipv6/netfilter/ip6t_rpfilter.o
  CC      net/ipv6/ip6_icmp.o
  CC      net/ipv4/proc.o
  CC      net/netfilter/x_tables.o
  CC      net/ipv6/netfilter/ip6t_REJECT.o
  CC      net/ipv6/output_core.o
  CC      net/ipv6/protocol.o
  CC      net/netfilter/xt_tcpudp.o
  CC      net/ipv4/fib_rules.o
  CC      net/netfilter/xt_mark.o
  AR      net/wireless/built-in.a
  CC      net/ipv4/ipip.o
  CC      net/ipv6/ip6_offload.o
  CC      net/ipv6/tcpv6_offload.o
  CC      net/ipv4/gre_demux.o
  AR      net/mac80211/built-in.a
  CC      net/ipv4/ip_gre.o
  CC      net/netfilter/xt_connmark.o
  CC      net/netfilter/xt_nat.o
  CC      net/ipv4/udp_tunnel.o
  AR      net/ipv6/netfilter/built-in.a
  CC      net/ipv4/ip_vti.o
  CC      net/ipv6/exthdrs_offload.o
  CC      net/netfilter/xt_CLASSIFY.o
  CC      net/ipv4/syncookies.o
  CC      net/ipv4/esp4.o
  CC      net/ipv6/inet6_hashtables.o
  CC      net/ipv4/tunnel4.o
  CC      net/netfilter/xt_CONNSECMARK.o
  CC      net/netfilter/xt_CT.o
  CC      net/ipv6/ip6_udp_tunnel.o
  CC      net/ipv6/mcast_snoop.o
  CC      net/ipv4/netfilter.o
  CC      net/netfilter/xt_DSCP.o
  CC      net/netfilter/xt_NETMAP.o
  CC      net/netfilter/xt_NFLOG.o
  CC      net/ipv4/netfilter/nf_defrag_ipv4.o
  CC      net/ipv4/inet_diag.o
  CC      net/netfilter/xt_NFQUEUE.o
  CC      net/ipv4/netfilter/nf_socket_ipv4.o
  CC      net/netfilter/xt_REDIRECT.o
  CC      net/ipv4/tcp_diag.o
  CC      net/netfilter/xt_MASQUERADE.o
  CC      net/netfilter/xt_SECMARK.o
  CC      net/ipv4/udp_diag.o
  CC      net/netfilter/xt_TPROXY.o
  CC      net/netfilter/xt_TCPMSS.o
  CC      net/ipv4/tcp_cubic.o
  CC      net/ipv4/netfilter/nf_tproxy_ipv4.o
  CC      net/netfilter/xt_TEE.o
  CC      net/netfilter/xt_TRACE.o
  CC      net/ipv4/xfrm4_policy.o
  CC      net/ipv4/netfilter/nf_reject_ipv4.o
  AR      net/ipv6/built-in.a
  CC      net/netfilter/xt_IDLETIMER.o
  CC      net/ipv4/netfilter/nf_nat_h323.o
  CC      net/netfilter/xt_bpf.o
  CC      net/ipv4/xfrm4_state.o
  CC      net/netfilter/xt_comment.o
  CC      net/ipv4/xfrm4_input.o
  CC      net/netfilter/xt_connlimit.o
  CC      net/netfilter/xt_conntrack.o
  CC      net/ipv4/netfilter/nf_nat_pptp.o
  CC      net/netfilter/xt_dscp.o
  CC      net/ipv4/xfrm4_output.o
  CC      net/ipv4/netfilter/ip_tables.o
  CC      net/ipv4/xfrm4_protocol.o
  CC      net/ipv4/netfilter/iptable_filter.o
  CC      net/netfilter/xt_ecn.o
  CC      net/ipv4/netfilter/iptable_mangle.o
  CC      net/netfilter/xt_esp.o
  CC      net/ipv4/netfilter/iptable_nat.o
  CC      net/ipv4/netfilter/iptable_raw.o
  CC      net/ipv4/netfilter/iptable_security.o
  CC      net/netfilter/xt_hashlimit.o
  CC      net/ipv4/netfilter/ipt_REJECT.o
  CC      net/netfilter/xt_helper.o
  CC      net/netfilter/xt_hl.o
  CC      net/netfilter/xt_iprange.o
  CC      net/ipv4/netfilter/arp_tables.o
  CC      net/netfilter/xt_l2tp.o
  CC      net/netfilter/xt_length.o
  CC      net/ipv4/netfilter/arpt_mangle.o
  CC      net/ipv4/netfilter/arptable_filter.o
  CC      net/netfilter/xt_limit.o
  CC      net/ipv4/netfilter/nf_dup_ipv4.o
  CC      net/netfilter/xt_mac.o
  CC      net/netfilter/xt_owner.o
  CC      net/netfilter/xt_pkttype.o
  CC      net/netfilter/xt_policy.o
  CC      net/netfilter/xt_quota.o
  CC      net/netfilter/xt_quota2.o
  CC      net/netfilter/xt_socket.o
  CC      net/netfilter/xt_state.o
  CC      net/netfilter/xt_statistic.o
  CC      net/netfilter/xt_string.o
  CC      net/netfilter/xt_time.o
  CC      net/netfilter/xt_u32.o
  AR      net/netfilter/built-in.a
  AR      net/ipv4/netfilter/built-in.a
  AR      net/ipv4/built-in.a
  AR      net/built-in.a
