  HOSTCC  scripts/basic/fixdep
  HOSTCC  scripts/dtc/dtc.o
  HOSTCC  scripts/dtc/flattree.o
  HOSTCC  scripts/dtc/fstree.o
  HOSTCC  scripts/dtc/data.o
  HOSTCC  scripts/dtc/livetree.o
  HOSTCC  scripts/dtc/treesource.o
  HOSTCC  scripts/dtc/srcpos.o
  HOSTCC  scripts/dtc/checks.o
  HOSTCC  scripts/dtc/util.o
  LEX     scripts/dtc/dtc-lexer.lex.c
  YACC    scripts/dtc/dtc-parser.tab.[ch]
  HOSTCC  scripts/unifdef
  HOSTCC  scripts/dtc/yamltree.o
  HOSTCC  scripts/dtc/dtc-lexer.lex.o
  HOSTCC  scripts/dtc/dtc-parser.tab.o
  HDRINST usr/include/asm-generic/bitsperlong.h
  HDRINST usr/include/asm-generic/auxvec.h
  HDRINST usr/include/asm-generic/bpf_perf_event.h
  HDRINST usr/include/asm-generic/errno-base.h
  HDRINST usr/include/asm-generic/errno.h
  HDRINST usr/include/asm-generic/fcntl.h
  HDRINST usr/include/asm-generic/hugetlb_encode.h
  HDRINST usr/include/asm-generic/int-l64.h
  HDRINST usr/include/asm-generic/int-ll64.h
  HDRINST usr/include/asm-generic/ipcbuf.h
  HDRINST usr/include/asm-generic/ioctl.h
  HDRINST usr/include/asm-generic/ioctls.h
  HDRINST usr/include/asm-generic/mman-common.h
  HDRINST usr/include/asm-generic/mman.h
  HDRINST usr/include/asm-generic/kvm_para.h
  HDRINST usr/include/asm-generic/msgbuf.h
  HDRINST usr/include/asm-generic/param.h
  HDRINST usr/include/asm-generic/poll.h
  HDRINST usr/include/asm-generic/posix_types.h
  HDRINST usr/include/asm-generic/resource.h
  HDRINST usr/include/asm-generic/sembuf.h
  HDRINST usr/include/asm-generic/shmbuf.h
  HDRINST usr/include/asm-generic/signal-defs.h
  HDRINST usr/include/asm-generic/setup.h
  HDRINST usr/include/asm-generic/signal.h
  HDRINST usr/include/asm-generic/siginfo.h
  HDRINST usr/include/asm-generic/sockios.h
  HDRINST usr/include/asm-generic/socket.h
  HDRINST usr/include/asm-generic/stat.h
  HDRINST usr/include/asm-generic/statfs.h
  HDRINST usr/include/asm-generic/swab.h
  HDRINST usr/include/asm-generic/termbits.h
  HDRINST usr/include/asm-generic/types.h
  HDRINST usr/include/asm-generic/ucontext.h
  HDRINST usr/include/asm-generic/termios.h
  HDRINST usr/include/asm-generic/unistd.h
  HDRINST usr/include/drm/drm.h
  HDRINST usr/include/drm/armada_drm.h
  HDRINST usr/include/drm/drm_fourcc.h
  HDRINST usr/include/drm/amdgpu_drm.h
  HDRINST usr/include/drm/drm_mode.h
  HDRINST usr/include/drm/drm_sarea.h
  HDRINST usr/include/drm/etnaviv_drm.h
  HDRINST usr/include/drm/i810_drm.h
  HDRINST usr/include/drm/i915_drm.h
  HDRINST usr/include/drm/exynos_drm.h
  HDRINST usr/include/drm/lima_drm.h
  HDRINST usr/include/drm/mga_drm.h
  HDRINST usr/include/drm/msm_drm.h
  HDRINST usr/include/drm/nouveau_drm.h
  HDRINST usr/include/drm/omap_drm.h
  HDRINST usr/include/drm/qxl_drm.h
  HDRINST usr/include/drm/radeon_drm.h
  HDRINST usr/include/drm/panfrost_drm.h
  HDRINST usr/include/drm/r128_drm.h
  HDRINST usr/include/drm/savage_drm.h
  HDRINST usr/include/drm/sis_drm.h
  HDRINST usr/include/drm/v3d_drm.h
  HDRINST usr/include/drm/tegra_drm.h
  HDRINST usr/include/drm/vc4_drm.h
  HDRINST usr/include/drm/virtgpu_drm.h
  HDRINST usr/include/drm/vgem_drm.h
  HDRINST usr/include/drm/via_drm.h
  HDRINST usr/include/drm/vmwgfx_drm.h
  HOSTLD  scripts/dtc/dtc
  HDRINST usr/include/linux/acct.h
  HDRINST usr/include/linux/adb.h
  HDRINST usr/include/linux/adfs_fs.h
  HDRINST usr/include/linux/agpgart.h
  HDRINST usr/include/linux/aio_abi.h
  HDRINST usr/include/linux/affs_hardblocks.h
  HDRINST usr/include/linux/am437x-vpfe.h
  HDRINST usr/include/linux/android/binder.h
  HDRINST usr/include/linux/android/binderfs.h
  HDRINST usr/include/linux/apm_bios.h
  HDRINST usr/include/linux/arcfb.h
  HDRINST usr/include/linux/arm_sdei.h
  HDRINST usr/include/linux/aspeed-lpc-ctrl.h
  HDRINST usr/include/linux/aspeed-p2a-ctrl.h
  HDRINST usr/include/linux/atm.h
  HDRINST usr/include/linux/atalk.h
  HDRINST usr/include/linux/atm_eni.h
  HDRINST usr/include/linux/atm_he.h
  HDRINST usr/include/linux/atm_idt77105.h
  HDRINST usr/include/linux/atm_tcp.h
  HDRINST usr/include/linux/atm_zatm.h
  HDRINST usr/include/linux/atmapi.h
  HDRINST usr/include/linux/atmarp.h
  HDRINST usr/include/linux/atm_nicstar.h
  HDRINST usr/include/linux/atmbr2684.h
  HDRINST usr/include/linux/atmclip.h
  HDRINST usr/include/linux/atmdev.h
  HDRINST usr/include/linux/atmioc.h
  HDRINST usr/include/linux/atmlec.h
  HDRINST usr/include/linux/atmsap.h
  HDRINST usr/include/linux/atmppp.h
  HDRINST usr/include/linux/atmmpc.h
  HDRINST usr/include/linux/atmsvc.h
  HDRINST usr/include/linux/auto_dev-ioctl.h
  HDRINST usr/include/linux/audit.h
  HDRINST usr/include/linux/auto_fs.h
  HDRINST usr/include/linux/auto_fs4.h
  HDRINST usr/include/linux/auxvec.h
  HDRINST usr/include/linux/ax25.h
  HDRINST usr/include/linux/b1lli.h
  HOSTCC  scripts/genksyms/genksyms.o
  HDRINST usr/include/linux/batadv_packet.h
  YACC    scripts/genksyms/parse.tab.[ch]
  HDRINST usr/include/linux/batman_adv.h
  HOSTCC  scripts/kallsyms
  HOSTCC  scripts/sortextable
  LEX     scripts/genksyms/lex.lex.c
  HOSTCC  scripts/selinux/genheaders/genheaders
  HDRINST usr/include/linux/baycom.h
  HOSTCC  scripts/asn1_compiler
  HDRINST usr/include/linux/bcache.h
  HOSTCC  scripts/selinux/mdp/mdp
  HDRINST usr/include/linux/bcm933xx_hcs.h
  HDRINST usr/include/linux/bfs_fs.h
  HDRINST usr/include/linux/binfmts.h
  HDRINST usr/include/linux/blktrace_api.h
  HDRINST usr/include/linux/blkpg.h
  HDRINST usr/include/linux/blkzoned.h
  HDRINST usr/include/linux/bpf.h
  HDRINST usr/include/linux/bpf_common.h
  HDRINST usr/include/linux/bpf_perf_event.h
  HDRINST usr/include/linux/bpfilter.h
  HDRINST usr/include/linux/bpqether.h
  HDRINST usr/include/linux/bsg.h
  HDRINST usr/include/linux/btf.h
  HDRINST usr/include/linux/bt-bmc.h
  HOSTCC  scripts/extract-cert
  HDRINST usr/include/linux/btrfs.h
  HDRINST usr/include/linux/btrfs_tree.h
  HDRINST usr/include/linux/byteorder/big_endian.h
  HDRINST usr/include/linux/byteorder/little_endian.h
  HDRINST usr/include/linux/caif/caif_socket.h
  HDRINST usr/include/linux/caif/if_caif.h
  HDRINST usr/include/linux/can.h
  HDRINST usr/include/linux/can/bcm.h
  HDRINST usr/include/linux/can/error.h
  HDRINST usr/include/linux/can/gw.h
  HOSTCC  scripts/genksyms/parse.tab.o
  HDRINST usr/include/linux/can/netlink.h
  HDRINST usr/include/linux/can/j1939.h
  HDRINST usr/include/linux/can/raw.h
  HDRINST usr/include/linux/capability.h
  HOSTCC  scripts/genksyms/lex.lex.o
  HDRINST usr/include/linux/can/vxcan.h
  HDRINST usr/include/linux/capi.h
  HDRINST usr/include/linux/cciss_defs.h
  HDRINST usr/include/linux/cciss_ioctl.h
  HDRINST usr/include/linux/cec-funcs.h
  HDRINST usr/include/linux/cec.h
  HDRINST usr/include/linux/cgroupstats.h
  HDRINST usr/include/linux/chio.h
  HDRINST usr/include/linux/cdrom.h
  HDRINST usr/include/linux/cifs/cifs_mount.h
  HDRINST usr/include/linux/cm4000_cs.h
  HDRINST usr/include/linux/coda.h
  HDRINST usr/include/linux/cn_proc.h
  HDRINST usr/include/linux/coff.h
scripts/extract-cert.c: In function ‘display_openssl_errors’:
scripts/extract-cert.c:46:9: warning: ‘ERR_get_error_line’ is deprecated: Since OpenSSL 3.0 [-Wdeprecated-declarations]
   46 |         while ((e = ERR_get_error_line(&file, &line))) {
      |         ^~~~~
In file included from scripts/extract-cert.c:23:
/usr/include/openssl/err.h:426:15: note: declared here
  426 | unsigned long ERR_get_error_line(const char **file, int *line);
      |               ^~~~~~~~~~~~~~~~~~
scripts/extract-cert.c: In function ‘drain_openssl_errors’:
scripts/extract-cert.c:59:9: warning: ‘ERR_get_error_line’ is deprecated: Since OpenSSL 3.0 [-Wdeprecated-declarations]
   59 |         while (ERR_get_error_line(&file, &line)) {}
      |         ^~~~~
/usr/include/openssl/err.h:426:15: note: declared here
  426 | unsigned long ERR_get_error_line(const char **file, int *line);
      |               ^~~~~~~~~~~~~~~~~~
scripts/extract-cert.c: In function ‘main’:
scripts/extract-cert.c:124:17: warning: ‘ENGINE_load_builtin_engines’ is deprecated: Since OpenSSL 3.0 [-Wdeprecated-declarations]
  124 |                 ENGINE_load_builtin_engines();
      |                 ^~~~~~~~~~~~~~~~~~~~~~~~~~~
In file included from scripts/extract-cert.c:24:
/usr/include/openssl/engine.h:358:28: note: declared here
  358 | OSSL_DEPRECATEDIN_3_0 void ENGINE_load_builtin_engines(void);
      |                            ^~~~~~~~~~~~~~~~~~~~~~~~~~~
scripts/extract-cert.c:126:17: warning: ‘ENGINE_by_id’ is deprecated: Since OpenSSL 3.0 [-Wdeprecated-declarations]
  126 |                 e = ENGINE_by_id("pkcs11");
      |                 ^
/usr/include/openssl/engine.h:336:31: note: declared here
  336 | OSSL_DEPRECATEDIN_3_0 ENGINE *ENGINE_by_id(const char *id);
      |                               ^~~~~~~~~~~~
scripts/extract-cert.c:128:17: warning: ‘ENGINE_init’ is deprecated: Since OpenSSL 3.0 [-Wdeprecated-declarations]
  128 |                 if (ENGINE_init(e))
      |                 ^~
/usr/include/openssl/engine.h:622:27: note: declared here
  622 | OSSL_DEPRECATEDIN_3_0 int ENGINE_init(ENGINE *e);
      |                           ^~~~~~~~~~~
scripts/extract-cert.c:133:25: warning: ‘ENGINE_ctrl_cmd_string’ is deprecated: Since OpenSSL 3.0 [-Wdeprecated-declarations]
  133 |                         ERR(!ENGINE_ctrl_cmd_string(e, "PIN", key_pass, 0), "Set PKCS#11 PIN");
      |                         ^~~
/usr/include/openssl/engine.h:479:5: note: declared here
  479 | int ENGINE_ctrl_cmd_string(ENGINE *e, const char *cmd_name, const char *arg,
      |     ^~~~~~~~~~~~~~~~~~~~~~
scripts/extract-cert.c:134:17: warning: ‘ENGINE_ctrl_cmd’ is deprecated: Since OpenSSL 3.0 [-Wdeprecated-declarations]
  134 |                 ENGINE_ctrl_cmd(e, "LOAD_CERT_CTRL", 0, &parms, NULL, 1);
      |                 ^~~~~~~~~~~~~~~
/usr/include/openssl/engine.h:450:27: note: declared here
  450 | OSSL_DEPRECATEDIN_3_0 int ENGINE_ctrl_cmd(ENGINE *e, const char *cmd_name,
      |                           ^~~~~~~~~~~~~~~
  HDRINST usr/include/linux/connector.h
  HDRINST usr/include/linux/const.h
  HDRINST usr/include/linux/coresight-stm.h
  HDRINST usr/include/linux/cramfs_fs.h
  HDRINST usr/include/linux/cuda.h
  HDRINST usr/include/linux/cryptouser.h
  HDRINST usr/include/linux/cyclades.h
  HDRINST usr/include/linux/cycx_cfm.h
  HDRINST usr/include/linux/dcbnl.h
  HDRINST usr/include/linux/devlink.h
  HDRINST usr/include/linux/dccp.h
  HDRINST usr/include/linux/dlm.h
  HDRINST usr/include/linux/dlm_device.h
  HDRINST usr/include/linux/dlm_netlink.h
  HDRINST usr/include/linux/dlm_plock.h
  HDRINST usr/include/linux/dlmconstants.h
  HDRINST usr/include/linux/dm-ioctl.h
  HDRINST usr/include/linux/dm-log-userspace.h
  HDRINST usr/include/linux/dma-buf.h
  HDRINST usr/include/linux/dn.h
  HDRINST usr/include/linux/dns_resolver.h
  HDRINST usr/include/linux/dqblk_xfs.h
  HDRINST usr/include/linux/dvb/audio.h
  HDRINST usr/include/linux/dvb/ca.h
  HDRINST usr/include/linux/dvb/frontend.h
  HDRINST usr/include/linux/dvb/dmx.h
  HDRINST usr/include/linux/dvb/net.h
  HDRINST usr/include/linux/dvb/osd.h
  HDRINST usr/include/linux/dvb/version.h
  HDRINST usr/include/linux/dvb/video.h
  HDRINST usr/include/linux/eavb_shared.h
  HDRINST usr/include/linux/edd.h
  HDRINST usr/include/linux/efs_fs_sb.h
  HDRINST usr/include/linux/elf-em.h
  HDRINST usr/include/linux/elf-fdpic.h
  HDRINST usr/include/linux/elf.h
  HDRINST usr/include/linux/elfcore.h
  HDRINST usr/include/linux/errno.h
  HDRINST usr/include/linux/erspan.h
  HDRINST usr/include/linux/errqueue.h
  HDRINST usr/include/linux/eventpoll.h
  HDRINST usr/include/linux/esoc_ctrl.h
  HDRINST usr/include/linux/ethtool.h
  HDRINST usr/include/linux/fadvise.h
  HDRINST usr/include/linux/falloc.h
  HDRINST usr/include/linux/fanotify.h
  HDRINST usr/include/linux/fb.h
  HDRINST usr/include/linux/fcntl.h
  HDRINST usr/include/linux/fd.h
  HDRINST usr/include/linux/fdreg.h
  HDRINST usr/include/linux/fib_rules.h
  HDRINST usr/include/linux/fiemap.h
  HDRINST usr/include/linux/filter.h
  HDRINST usr/include/linux/fips_status.h
  HDRINST usr/include/linux/firewire-cdev.h
  HDRINST usr/include/linux/firewire-constants.h
  HDRINST usr/include/linux/fou.h
  HDRINST usr/include/linux/fpga-dfl.h
  HDRINST usr/include/linux/fs.h
  HDRINST usr/include/linux/fscrypt.h
  HDRINST usr/include/linux/fsi.h
  HDRINST usr/include/linux/fsl_hypervisor.h
  HDRINST usr/include/linux/fsmap.h
  HDRINST usr/include/linux/fuse.h
  HDRINST usr/include/linux/fsverity.h
  HDRINST usr/include/linux/futex.h
  HDRINST usr/include/linux/gameport.h
  HDRINST usr/include/linux/gen_stats.h
  HDRINST usr/include/linux/genwqe/genwqe_card.h
  HDRINST usr/include/linux/genetlink.h
  HDRINST usr/include/linux/gigaset_dev.h
  HDRINST usr/include/linux/gfs2_ondisk.h
  HDRINST usr/include/linux/hab_ioctl.h
  HDRINST usr/include/linux/gsmmux.h
  HDRINST usr/include/linux/gpio.h
  HDRINST usr/include/linux/habmmid.h
  HDRINST usr/include/linux/gtp.h
  HDRINST usr/include/linux/hash_info.h
  HDRINST usr/include/linux/hdlc.h
  HDRINST usr/include/linux/hdlc/ioctl.h
  HDRINST usr/include/linux/hdlcdrv.h
  HDRINST usr/include/linux/hdreg.h
  HDRINST usr/include/linux/hgsl.h
  HDRINST usr/include/linux/hiddev.h
  HDRINST usr/include/linux/hidraw.h
  HDRINST usr/include/linux/hid.h
  HDRINST usr/include/linux/hsi/cs-protocol.h
  HDRINST usr/include/linux/hpet.h
  HDRINST usr/include/linux/hsr_netlink.h
  HDRINST usr/include/linux/hsi/hsi_char.h
  HDRINST usr/include/linux/hw_breakpoint.h
  HDRINST usr/include/linux/hysdn_if.h
  HDRINST usr/include/linux/hyperv.h
  HDRINST usr/include/linux/i2c.h
  HDRINST usr/include/linux/i2c-dev.h
  HDRINST usr/include/linux/i2o-dev.h
  HDRINST usr/include/linux/i8k.h
  HDRINST usr/include/linux/icmp.h
  HDRINST usr/include/linux/if_addr.h
  HDRINST usr/include/linux/icmpv6.h
  HDRINST usr/include/linux/if_alg.h
  HDRINST usr/include/linux/if_addrlabel.h
  HDRINST usr/include/linux/if.h
  HDRINST usr/include/linux/if_arcnet.h
  HDRINST usr/include/linux/if_arp.h
  HDRINST usr/include/linux/if_bonding.h
  HDRINST usr/include/linux/if_bridge.h
  HDRINST usr/include/linux/if_cablemodem.h
  HDRINST usr/include/linux/if_eql.h
  HDRINST usr/include/linux/if_fc.h
  HDRINST usr/include/linux/if_ether.h
  HDRINST usr/include/linux/if_fddi.h
  HDRINST usr/include/linux/if_frad.h
  HDRINST usr/include/linux/if_infiniband.h
  HDRINST usr/include/linux/if_hippi.h
  HDRINST usr/include/linux/if_link.h
  HDRINST usr/include/linux/if_ltalk.h
  HDRINST usr/include/linux/if_macsec.h
  HDRINST usr/include/linux/if_packet.h
  HDRINST usr/include/linux/if_ppp.h
  HDRINST usr/include/linux/if_plip.h
  HDRINST usr/include/linux/if_phonet.h
  HDRINST usr/include/linux/if_pppox.h
  HDRINST usr/include/linux/if_pppol2tp.h
  HDRINST usr/include/linux/if_slip.h
  HDRINST usr/include/linux/if_team.h
  HDRINST usr/include/linux/if_tun.h
  HDRINST usr/include/linux/if_tunnel.h
  HDRINST usr/include/linux/if_vlan.h
  HDRINST usr/include/linux/if_xdp.h
  HDRINST usr/include/linux/if_x25.h
  HDRINST usr/include/linux/ife.h
  HDRINST usr/include/linux/igmp.h
  HDRINST usr/include/linux/iio/events.h
  HDRINST usr/include/linux/iio/types.h
  HDRINST usr/include/linux/ila.h
  HDRINST usr/include/linux/in6.h
  HDRINST usr/include/linux/incrementalfs.h
  HDRINST usr/include/linux/in_route.h
  HDRINST usr/include/linux/in.h
  HDRINST usr/include/linux/inet_diag.h
  HDRINST usr/include/linux/inotify.h
  HDRINST usr/include/linux/input-event-codes.h
  HDRINST usr/include/linux/input.h
  HDRINST usr/include/linux/io_uring.h
  HDRINST usr/include/linux/iommu.h
  HDRINST usr/include/linux/ion.h
  HDRINST usr/include/linux/ioctl.h
  HDRINST usr/include/linux/ip6_tunnel.h
  HDRINST usr/include/linux/ip.h
  HDRINST usr/include/linux/ip_vs.h
  HDRINST usr/include/linux/ipa_qmi_service_v01.h
  HDRINST usr/include/linux/ipc.h
  HDRINST usr/include/linux/ipmi.h
  HDRINST usr/include/linux/ipmi_bmc.h
  HDRINST usr/include/linux/ipsec.h
  HDRINST usr/include/linux/ipmi_msgdefs.h
  HDRINST usr/include/linux/ipv6.h
  HDRINST usr/include/linux/ipv6_route.h
  HDRINST usr/include/linux/ipx.h
  HDRINST usr/include/linux/irqnr.h
  HDRINST usr/include/linux/isdn/capicmd.h
  HDRINST usr/include/linux/iso_fs.h
  HDRINST usr/include/linux/isst_if.h
  HDRINST usr/include/linux/ivtv.h
  HDRINST usr/include/linux/ivtvfb.h
  HDRINST usr/include/linux/jffs2.h
  HDRINST usr/include/linux/joystick.h
  HDRINST usr/include/linux/kcm.h
  HDRINST usr/include/linux/kcov.h
  HDRINST usr/include/linux/kcmp.h
  HDRINST usr/include/linux/kd.h
  HDRINST usr/include/linux/kdev_t.h
  HDRINST usr/include/linux/kernel.h
  HDRINST usr/include/linux/kernel-page-flags.h
  HDRINST usr/include/linux/kernelcapi.h
  HDRINST usr/include/linux/kexec.h
  HDRINST usr/include/linux/keyboard.h
  HDRINST usr/include/linux/keyctl.h
  HDRINST usr/include/linux/kfd_ioctl.h
  HDRINST usr/include/linux/kvm.h
  HDRINST usr/include/linux/libc-compat.h
  HDRINST usr/include/linux/l2tp.h
  HDRINST usr/include/linux/lightnvm.h
  HDRINST usr/include/linux/kvm_para.h
  HDRINST usr/include/linux/limits.h
  HDRINST usr/include/linux/llc.h
  HDRINST usr/include/linux/lirc.h
  HDRINST usr/include/linux/lp.h
  HDRINST usr/include/linux/loop.h
  HDRINST usr/include/linux/lwtunnel.h
  HDRINST usr/include/linux/magic.h
  HDRINST usr/include/linux/major.h
  HDRINST usr/include/linux/map_to_7segment.h
  HDRINST usr/include/linux/matroxfb.h
  HDRINST usr/include/linux/max2175.h
  HDRINST usr/include/linux/media-bus-format.h
  HDRINST usr/include/linux/mdio.h
  HDRINST usr/include/linux/media.h
  HDRINST usr/include/linux/mei.h
  HDRINST usr/include/linux/mem-buf.h
  HDRINST usr/include/linux/memfd.h
  HDRINST usr/include/linux/membarrier.h
  HDRINST usr/include/linux/meye.h
  HDRINST usr/include/linux/mic_common.h
  HDRINST usr/include/linux/mhi.h
  HDRINST usr/include/linux/mempolicy.h
  HDRINST usr/include/linux/mii.h
  HDRINST usr/include/linux/mic_ioctl.h
  HDRINST usr/include/linux/minix_fs.h
  HDRINST usr/include/linux/mmc/ioctl.h
  HDRINST usr/include/linux/module.h
  HDRINST usr/include/linux/mount.h
  HDRINST usr/include/linux/mqueue.h
  HDRINST usr/include/linux/mroute6.h
  HDRINST usr/include/linux/msdos_fs.h
  HDRINST usr/include/linux/msm_dsps.h
  HDRINST usr/include/linux/msm_kgsl.h
  HDRINST usr/include/linux/msm_ipa.h
  HDRINST usr/include/linux/ncsi.h
  HDRINST usr/include/linux/net_tstamp.h
  HDRINST usr/include/linux/neighbour.h
  HDRINST usr/include/linux/ndctl.h
  HDRINST usr/include/linux/net_dropmon.h
  HDRINST usr/include/linux/netfilter_arp/arpt_mangle.h
  HDRINST usr/include/linux/netfilter_arp/arp_tables.h
  HDRINST usr/include/linux/netfilter_decnet.h
  HDRINST usr/include/linux/netfilter_ipv4.h
  HDRINST usr/include/linux/netdevice.h
  HDRINST usr/include/linux/netfilter_ipv6/ip6_tables.h
  HDRINST usr/include/linux/netfilter_ipv6/ip6t_HL.h
  HDRINST usr/include/linux/netfilter_ipv6/ip6t_NPT.h
  HDRINST usr/include/linux/netfilter_ipv6/ip6t_LOG.h
  HDRINST usr/include/linux/netfilter_ipv6/ip6t_REJECT.h
  HDRINST usr/include/linux/netfilter_ipv6/ip6t_frag.h
  HDRINST usr/include/linux/netfilter_ipv6/ip6t_hl.h
  HDRINST usr/include/linux/netfilter_ipv6/ip6t_ipv6header.h
  HDRINST usr/include/linux/netfilter_ipv6/ip6t_ah.h
  HDRINST usr/include/linux/netfilter_ipv6/ip6t_opts.h
  HDRINST usr/include/linux/netfilter_ipv6/ip6t_mh.h
  HDRINST usr/include/linux/netfilter_ipv6/ip6t_rt.h
  HDRINST usr/include/linux/netlink.h
  HDRINST usr/include/linux/netfilter_ipv6/ip6t_srh.h
  HDRINST usr/include/linux/nexthop.h
  HDRINST usr/include/linux/nfs.h
  HDRINST usr/include/linux/nfs2.h
  HDRINST usr/include/linux/nfs4.h
  HDRINST usr/include/linux/nfs4_mount.h
  HDRINST usr/include/linux/nfs_fs.h
  HDRINST usr/include/linux/nilfs2_api.h
  HDRINST usr/include/linux/nfs_mount.h
  HDRINST usr/include/linux/nilfs2_ondisk.h
  HDRINST usr/include/linux/openvswitch.h
  HDRINST usr/include/linux/omapfb.h
  HDRINST usr/include/linux/oom.h
  HDRINST usr/include/linux/nsfs.h
  HDRINST usr/include/linux/param.h
  HDRINST usr/include/linux/packet_diag.h
  HDRINST usr/include/linux/parport.h
  HDRINST usr/include/linux/pci.h
  HDRINST usr/include/linux/pfkeyv2.h
  HDRINST usr/include/linux/pci_regs.h
  HDRINST usr/include/linux/phantom.h
  HDRINST usr/include/linux/phonet.h
  HDRINST usr/include/linux/pkt_sched.h
  HDRINST usr/include/linux/pktcdvd.h
  HDRINST usr/include/linux/posix_acl_xattr.h
  HDRINST usr/include/linux/pmu.h
  HDRINST usr/include/linux/posix_types.h
  HOSTLD  scripts/genksyms/genksyms
  HDRINST usr/include/linux/ppp-ioctl.h
  HDRINST usr/include/linux/ppp_defs.h
  HDRINST usr/include/linux/ppp-comp.h
  HDRINST usr/include/linux/psci.h
  HDRINST usr/include/linux/psp-sev.h
  HDRINST usr/include/linux/ptrace.h
  HDRINST usr/include/linux/qg.h
  HDRINST usr/include/linux/ptp_clock.h
  HDRINST usr/include/linux/qnxtypes.h
  HDRINST usr/include/linux/qrng.h
  HDRINST usr/include/linux/raid/md_p.h
  HDRINST usr/include/linux/qseecom.h
  HDRINST usr/include/linux/raid/md_u.h
  HDRINST usr/include/linux/raw.h
  HDRINST usr/include/linux/reiserfs_fs.h
  HDRINST usr/include/linux/reiserfs_xattr.h
  HDRINST usr/include/linux/reboot.h
  HDRINST usr/include/linux/rmnet_ipa_fd_ioctl.h
  HDRINST usr/include/linux/rio_cm_cdev.h
  HDRINST usr/include/linux/resource.h
  HDRINST usr/include/linux/rmnet_data.h
  HDRINST usr/include/linux/rose.h
  HDRINST usr/include/linux/rpmsg.h
  HDRINST usr/include/linux/rseq.h
  HDRINST usr/include/linux/rtc.h
  HDRINST usr/include/linux/sched.h
  HDRINST usr/include/linux/rxrpc.h
  HDRINST usr/include/linux/sched/types.h
  HDRINST usr/include/linux/scif_ioctl.h
  HDRINST usr/include/linux/screen_info.h
  HDRINST usr/include/linux/seccomp.h
  HDRINST usr/include/linux/securebits.h
  HDRINST usr/include/linux/sed-opal.h
  HDRINST usr/include/linux/seg6_iptunnel.h
  HDRINST usr/include/linux/seg6_genl.h
  HDRINST usr/include/linux/seg6.h
  HDRINST usr/include/linux/seg6_local.h
  HOSTCC  scripts/mod/mk_elfconfig
  HDRINST usr/include/linux/selinux_netlink.h
  CC      scripts/mod/empty.o
  HDRINST usr/include/linux/serial_core.h
  HDRINST usr/include/linux/shm.h
  CC      scripts/mod/devicetable-offsets.s
  HDRINST usr/include/linux/signalfd.h
  HDRINST usr/include/linux/smiapp.h
  HDRINST usr/include/linux/sock_diag.h
  HDRINST usr/include/linux/snmp.h
  HDRINST usr/include/linux/socket.h
  HDRINST usr/include/linux/spss_utils.h
  HDRINST usr/include/linux/sonypi.h
  HDRINST usr/include/linux/stat.h
  HDRINST usr/include/linux/stddef.h
  HDRINST usr/include/linux/switchtec_ioctl.h
  HDRINST usr/include/linux/sync_file.h
  HDRINST usr/include/linux/synclink.h
  HDRINST usr/include/linux/sysinfo.h
  HDRINST usr/include/linux/target_core_user.h
  HDRINST usr/include/linux/taskstats.h
  HDRINST usr/include/linux/tc_ematch/tc_em_cmp.h
  HDRINST usr/include/linux/tc_ematch/tc_em_ipt.h
  HDRINST usr/include/linux/tc_ematch/tc_em_meta.h
  HDRINST usr/include/linux/tc_ematch/tc_em_text.h
  HDRINST usr/include/linux/tc_ematch/tc_em_nbyte.h
  HDRINST usr/include/linux/tcp.h
  HDRINST usr/include/linux/tcp_metrics.h
  HDRINST usr/include/linux/tee.h
  HDRINST usr/include/linux/time.h
  HDRINST usr/include/linux/time_types.h
  HDRINST usr/include/linux/timerfd.h
  HDRINST usr/include/linux/tiocl.h
  HDRINST usr/include/linux/timex.h
  HDRINST usr/include/linux/tipc.h
  HDRINST usr/include/linux/tipc_sockets_diag.h
  HDRINST usr/include/linux/tls.h
  HDRINST usr/include/linux/tty.h
  HDRINST usr/include/linux/tty_flags.h
  HDRINST usr/include/linux/types.h
  HDRINST usr/include/linux/udf_fs_i.h
  HDRINST usr/include/linux/ultrasound.h
  HDRINST usr/include/linux/usb/cdc-wdm.h
  HDRINST usr/include/linux/usb/audio.h
  HDRINST usr/include/linux/usb/ch9.h
  HDRINST usr/include/linux/usb/ch11.h
  HDRINST usr/include/linux/usb/cdc.h
  HDRINST usr/include/linux/usb/f_accessory.h
  HDRINST usr/include/linux/usb/charger.h
  HDRINST usr/include/linux/usb/functionfs.h
  HDRINST usr/include/linux/usb/g_printer.h
  HDRINST usr/include/linux/usb/g_uvc.h
  HDRINST usr/include/linux/usb/midi.h
  HDRINST usr/include/linux/usb/raw_gadget.h
  HDRINST usr/include/linux/usb/gadgetfs.h
  HDRINST usr/include/linux/usb/tmc.h
  HDRINST usr/include/linux/usb/usb_ctrl_qti.h
  MKELF   scripts/mod/elfconfig.h
  HDRINST usr/include/linux/usb/video.h
  HDRINST usr/include/linux/usbip.h
  HOSTCC  scripts/mod/modpost.o
  HDRINST usr/include/linux/uuid.h
  HDRINST usr/include/linux/userfaultfd.h
  HDRINST usr/include/linux/uvcvideo.h
  HDRINST usr/include/linux/v4l2-mediabus.h
  HDRINST usr/include/linux/v4l2-dv-timings.h
  HDRINST usr/include/linux/vbox_err.h
  HOSTCC  scripts/mod/sumversion.o
  HDRINST usr/include/linux/vfio.h
  HOSTCC  scripts/mod/file2alias.o
  HDRINST usr/include/linux/vbox_vmmdev_types.h
  HDRINST usr/include/linux/v4l2-subdev.h
  HDRINST usr/include/linux/vboxguest.h
  HDRINST usr/include/linux/vfio_ccw.h
  HDRINST usr/include/linux/vhost.h
  HDRINST usr/include/linux/vhost_types.h
  HDRINST usr/include/linux/virtio_blk.h
  HDRINST usr/include/linux/virtio_config.h
  HDRINST usr/include/linux/virtio_console.h
  HDRINST usr/include/linux/virtio_9p.h
  HDRINST usr/include/linux/virtio_gpu.h
  HDRINST usr/include/linux/virtio_ids.h
  HDRINST usr/include/linux/virtio_mmio.h
  HDRINST usr/include/linux/virtio_pmem.h
  HDRINST usr/include/linux/virtio_pci.h
  HDRINST usr/include/linux/virtio_rng.h
  HDRINST usr/include/linux/virtio_types.h
  HDRINST usr/include/linux/vm_sockets_diag.h
  HDRINST usr/include/linux/vtpm_proxy.h
  HDRINST usr/include/linux/wil6210_uapi.h
  HDRINST usr/include/linux/wimax.h
  HDRINST usr/include/linux/wimax/i2400m.h
  HDRINST usr/include/linux/x25.h
  HDRINST usr/include/linux/xattr.h
  HDRINST usr/include/linux/wmi.h
  HDRINST usr/include/linux/xfrm.h
  HDRINST usr/include/linux/mman.h
  HDRINST usr/include/linux/mmtimer.h
  HDRINST usr/include/linux/mpls.h
  HDRINST usr/include/linux/mroute.h
  HDRINST usr/include/linux/mpls_iptunnel.h
  HDRINST usr/include/linux/msm_geni_serial.h
  HDRINST usr/include/linux/msg.h
  HDRINST usr/include/linux/msm_npu.h
  HDRINST usr/include/linux/msm_ion_ids.h
  HDRINST usr/include/linux/msm_rmnet.h
  HDRINST usr/include/linux/msm_ion.h
  HDRINST usr/include/linux/mtio.h
  HDRINST usr/include/linux/n_r3964.h
  HDRINST usr/include/linux/nbd-netlink.h
  HDRINST usr/include/linux/nbd.h
  HDRINST usr/include/linux/net.h
  HDRINST usr/include/linux/net_namespace.h
  HDRINST usr/include/linux/netconf.h
  HDRINST usr/include/linux/netfilter.h
  HDRINST usr/include/linux/netfilter/ipset/ip_set.h
  HDRINST usr/include/linux/netfilter/ipset/ip_set_hash.h
  HDRINST usr/include/linux/netfilter/ipset/ip_set_bitmap.h
  HDRINST usr/include/linux/netfilter/ipset/ip_set_list.h
  HDRINST usr/include/linux/netfilter/nf_conntrack_common.h
  HDRINST usr/include/linux/netfilter/nf_conntrack_ftp.h
  HDRINST usr/include/linux/netfilter/nf_conntrack_sctp.h
  HDRINST usr/include/linux/netfilter/nf_conntrack_tcp.h
  HDRINST usr/include/linux/netfilter/nf_conntrack_tuple_common.h
  HDRINST usr/include/linux/netfilter/nf_log.h
  HDRINST usr/include/linux/netfilter/nf_nat.h
  HDRINST usr/include/linux/netfilter/nf_synproxy.h
  HDRINST usr/include/linux/netfilter/nf_tables.h
  HDRINST usr/include/linux/netfilter/nf_tables_compat.h
  HDRINST usr/include/linux/netfilter/nfnetlink.h
  HDRINST usr/include/linux/netfilter/nfnetlink_acct.h
  HDRINST usr/include/linux/netfilter/nfnetlink_conntrack.h
  HDRINST usr/include/linux/netfilter/nfnetlink_compat.h
  HDRINST usr/include/linux/netfilter/nfnetlink_cthelper.h
  HDRINST usr/include/linux/netfilter/nfnetlink_cttimeout.h
  HDRINST usr/include/linux/netfilter/nfnetlink_osf.h
  HDRINST usr/include/linux/netfilter/nfnetlink_log.h
  HDRINST usr/include/linux/netfilter/nfnetlink_queue.h
  HDRINST usr/include/linux/netfilter/x_tables.h
  HDRINST usr/include/linux/netfilter/xt_CHECKSUM.h
  HDRINST usr/include/linux/netfilter/xt_AUDIT.h
  HDRINST usr/include/linux/netfilter/xt_CLASSIFY.h
  HDRINST usr/include/linux/netfilter/xt_CONNMARK.h
  HDRINST usr/include/linux/netfilter/xt_CT.h
  HDRINST usr/include/linux/netfilter/xt_CONNSECMARK.h
  HDRINST usr/include/linux/netfilter/xt_DSCP.h
  HDRINST usr/include/linux/netfilter/xt_HMARK.h
  HDRINST usr/include/linux/netfilter/xt_IDLETIMER.h
  HDRINST usr/include/linux/netfilter/xt_LOG.h
  HDRINST usr/include/linux/netfilter/xt_LED.h
  HDRINST usr/include/linux/netfilter/xt_NFLOG.h
  HDRINST usr/include/linux/netfilter/xt_MARK.h
  HDRINST usr/include/linux/netfilter/xt_NFQUEUE.h
  HDRINST usr/include/linux/netfilter/xt_SECMARK.h
  HDRINST usr/include/linux/netfilter/xt_RATEEST.h
  HDRINST usr/include/linux/netfilter/xt_SYNPROXY.h
  HDRINST usr/include/linux/netfilter/xt_TCPMSS.h
  HDRINST usr/include/linux/netfilter/xt_TCPOPTSTRIP.h
  HDRINST usr/include/linux/netfilter/xt_TEE.h
  HDRINST usr/include/linux/netfilter/xt_TPROXY.h
  HDRINST usr/include/linux/netfilter/xt_bpf.h
  HDRINST usr/include/linux/netfilter/xt_addrtype.h
  HDRINST usr/include/linux/netfilter/xt_cgroup.h
  HDRINST usr/include/linux/netfilter/xt_comment.h
  HDRINST usr/include/linux/netfilter/xt_cluster.h
  HDRINST usr/include/linux/netfilter/xt_connbytes.h
  HDRINST usr/include/linux/netfilter/xt_connlabel.h
  HDRINST usr/include/linux/netfilter/xt_connlimit.h
  HDRINST usr/include/linux/netfilter/xt_connmark.h
  HDRINST usr/include/linux/netfilter/xt_conntrack.h
  HDRINST usr/include/linux/netfilter/xt_cpu.h
  HDRINST usr/include/linux/netfilter/xt_devgroup.h
  HDRINST usr/include/linux/netfilter/xt_dscp.h
  HDRINST usr/include/linux/netfilter/xt_dccp.h
  HDRINST usr/include/linux/netfilter/xt_ecn.h
  HDRINST usr/include/linux/netfilter/xt_esp.h
  HDRINST usr/include/linux/netfilter/xt_hashlimit.h
  HDRINST usr/include/linux/netfilter/xt_helper.h
  HDRINST usr/include/linux/netfilter/xt_ipcomp.h
  HDRINST usr/include/linux/netfilter/xt_ipvs.h
  HDRINST usr/include/linux/netfilter/xt_iprange.h
  HDRINST usr/include/linux/netfilter/xt_l2tp.h
  HDRINST usr/include/linux/netfilter/xt_length.h
  HDRINST usr/include/linux/netfilter/xt_mac.h
  HDRINST usr/include/linux/netfilter/xt_limit.h
  HDRINST usr/include/linux/netfilter/xt_mark.h
  HDRINST usr/include/linux/netfilter/xt_multiport.h
  HDRINST usr/include/linux/netfilter/xt_osf.h
  HDRINST usr/include/linux/netfilter/xt_nfacct.h
  HDRINST usr/include/linux/netfilter/xt_owner.h
  HDRINST usr/include/linux/netfilter/xt_physdev.h
  HDRINST usr/include/linux/netfilter/xt_pkttype.h
  HDRINST usr/include/linux/netfilter/xt_policy.h
  HDRINST usr/include/linux/netfilter/xt_quota.h
  HDRINST usr/include/linux/netfilter/xt_rateest.h
  HDRINST usr/include/linux/netfilter/xt_realm.h
  HDRINST usr/include/linux/netfilter/xt_recent.h
  HDRINST usr/include/linux/netfilter/xt_rpfilter.h
  HDRINST usr/include/linux/netfilter/xt_sctp.h
  HDRINST usr/include/linux/netfilter/xt_set.h
  HDRINST usr/include/linux/netfilter/xt_socket.h
  HDRINST usr/include/linux/netfilter/xt_state.h
  HDRINST usr/include/linux/netfilter/xt_string.h
  HDRINST usr/include/linux/netfilter/xt_statistic.h
  HDRINST usr/include/linux/netfilter/xt_tcpmss.h
  HDRINST usr/include/linux/netfilter/xt_tcpudp.h
  HDRINST usr/include/linux/netfilter/xt_time.h
  HDRINST usr/include/linux/netfilter_bridge.h
  HDRINST usr/include/linux/netfilter_bridge/ebt_802_3.h
  HDRINST usr/include/linux/netfilter/xt_u32.h
  HDRINST usr/include/linux/netfilter_arp.h
  HDRINST usr/include/linux/netfilter_bridge/ebt_among.h
  HDRINST usr/include/linux/netfilter_bridge/ebt_arp.h
  HDRINST usr/include/linux/netfilter_bridge/ebt_ip.h
  HDRINST usr/include/linux/netfilter_bridge/ebt_arpreply.h
  HDRINST usr/include/linux/netfilter_bridge/ebt_limit.h
  HDRINST usr/include/linux/netfilter_bridge/ebt_ip6.h
  HDRINST usr/include/linux/netfilter_bridge/ebt_log.h
  HDRINST usr/include/linux/netfilter_bridge/ebt_mark_m.h
  HDRINST usr/include/linux/netfilter_bridge/ebt_mark_t.h
  HDRINST usr/include/linux/netfilter_bridge/ebt_pkttype.h
  HDRINST usr/include/linux/netfilter_bridge/ebt_nflog.h
  HDRINST usr/include/linux/netfilter_bridge/ebt_nat.h
  HDRINST usr/include/linux/netfilter_bridge/ebt_redirect.h
  HDRINST usr/include/linux/netfilter_bridge/ebt_vlan.h
  HDRINST usr/include/linux/netfilter_bridge/ebt_stp.h
  HDRINST usr/include/linux/netfilter_ipv4/ip_tables.h
  HDRINST usr/include/linux/netfilter_bridge/ebtables.h
  HDRINST usr/include/linux/netfilter_ipv4/ipt_CLUSTERIP.h
  HDRINST usr/include/linux/netfilter_ipv4/ipt_ECN.h
  HDRINST usr/include/linux/netfilter_ipv4/ipt_LOG.h
  HDRINST usr/include/linux/netfilter_ipv4/ipt_NATTYPE.h
  HDRINST usr/include/linux/netfilter_ipv4/ipt_REJECT.h
  HDRINST usr/include/linux/netfilter_ipv4/ipt_TRIGGER.h
  HDRINST usr/include/linux/netfilter_ipv4/ipt_ah.h
  HDRINST usr/include/linux/netfilter_ipv4/ipt_TTL.h
  HDRINST usr/include/linux/netfilter_ipv4/ipt_ttl.h
  HDRINST usr/include/linux/netfilter_ipv4/ipt_ecn.h
  HDRINST usr/include/linux/netfilter_ipv6.h
  HDRINST usr/include/linux/netlink_diag.h
  HDRINST usr/include/linux/netrom.h
  HDRINST usr/include/linux/nfc.h
  HDRINST usr/include/linux/nfc/nfcinfo.h
  HDRINST usr/include/linux/nfs3.h
  HDRINST usr/include/linux/nfs_idmap.h
  HDRINST usr/include/linux/nfsacl.h
  HDRINST usr/include/linux/nfsd/cld.h
  HDRINST usr/include/linux/nfsd/debug.h
  HDRINST usr/include/linux/nfsd/nfsfh.h
  HDRINST usr/include/linux/nfsd/stats.h
  HDRINST usr/include/linux/nl80211.h
  HDRINST usr/include/linux/nfsd/export.h
  HDRINST usr/include/linux/nubus.h
  HDRINST usr/include/linux/nvme_ioctl.h
  HDRINST usr/include/linux/nvram.h
  HDRINST usr/include/linux/omap3isp.h
  HDRINST usr/include/linux/patchkey.h
  HDRINST usr/include/linux/pcitest.h
  HDRINST usr/include/linux/perf_event.h
  HDRINST usr/include/linux/personality.h
  HDRINST usr/include/linux/pkt_cls.h
  HDRINST usr/include/linux/posix_acl.h
  HDRINST usr/include/linux/poll.h
  HDRINST usr/include/linux/pg.h
  HDRINST usr/include/linux/ppdev.h
  HDRINST usr/include/linux/pps.h
  HDRINST usr/include/linux/pr.h
  HDRINST usr/include/linux/prctl.h
  HDRINST usr/include/linux/psample.h
  HDRINST usr/include/linux/qbg.h
  HDRINST usr/include/linux/qbg-profile.h
  HDRINST usr/include/linux/qbt_handler.h
  HDRINST usr/include/linux/qcota.h
  HDRINST usr/include/linux/qg-profile.h
  HDRINST usr/include/linux/qemu_fw_cfg.h
  HDRINST usr/include/linux/qcedev.h
  HDRINST usr/include/linux/qnx4_fs.h
  HDRINST usr/include/linux/qrtr.h
  HDRINST usr/include/linux/quota.h
  HDRINST usr/include/linux/radeonfb.h
  HDRINST usr/include/linux/random.h
  HDRINST usr/include/linux/rds.h
  HDRINST usr/include/linux/rfkill.h
  HDRINST usr/include/linux/romfs_fs.h
  HDRINST usr/include/linux/rtnetlink.h
  HDRINST usr/include/linux/scc.h
  HDRINST usr/include/linux/route.h
  HDRINST usr/include/linux/sctp.h
  HDRINST usr/include/linux/rio_mport_cdev.h
  HDRINST usr/include/linux/sdla.h
  HDRINST usr/include/linux/seg6_hmac.h
  HDRINST usr/include/linux/sem.h
  HDRINST usr/include/linux/serial.h
  HDRINST usr/include/linux/serial_reg.h
  HDRINST usr/include/linux/serio.h
  HDRINST usr/include/linux/signal.h
  HDRINST usr/include/linux/slatecom_interface.h
  HDRINST usr/include/linux/smc_diag.h
  HDRINST usr/include/linux/smc.h
  HDRINST usr/include/linux/smcinvoke.h
  HDRINST usr/include/linux/sonet.h
  HDRINST usr/include/linux/soundcard.h
  HDRINST usr/include/linux/sound.h
  HDRINST usr/include/linux/sockios.h
  HDRINST usr/include/linux/spcom.h
  HDRINST usr/include/linux/stm.h
  HDRINST usr/include/linux/spi/spidev.h
  HDRINST usr/include/linux/string.h
  HDRINST usr/include/linux/sunrpc/debug.h
  HDRINST usr/include/linux/swab.h
  HDRINST usr/include/linux/suspend_ioctls.h
  HDRINST usr/include/linux/sysctl.h
  HDRINST usr/include/linux/sysstats.h
  HDRINST usr/include/linux/tc_act/tc_bpf.h
  HDRINST usr/include/linux/tc_act/tc_connmark.h
  HDRINST usr/include/linux/tc_act/tc_csum.h
  HDRINST usr/include/linux/tc_act/tc_ct.h
  HDRINST usr/include/linux/tc_act/tc_defact.h
  HDRINST usr/include/linux/tc_act/tc_ctinfo.h
  HDRINST usr/include/linux/tc_act/tc_gact.h
  HDRINST usr/include/linux/tc_act/tc_ife.h
  HDRINST usr/include/linux/tc_act/tc_mirred.h
  HDRINST usr/include/linux/tc_act/tc_ipt.h
  HDRINST usr/include/linux/tc_act/tc_nat.h
  HDRINST usr/include/linux/tc_act/tc_mpls.h
  HDRINST usr/include/linux/tc_act/tc_pedit.h
  HDRINST usr/include/linux/tc_act/tc_sample.h
  HDRINST usr/include/linux/tc_act/tc_skbedit.h
  HDRINST usr/include/linux/tc_act/tc_skbmod.h
  HDRINST usr/include/linux/tc_act/tc_tunnel_key.h
  HDRINST usr/include/linux/termios.h
  HDRINST usr/include/linux/tc_act/tc_vlan.h
  HDRINST usr/include/linux/thermal.h
  HDRINST usr/include/linux/times.h
  HDRINST usr/include/linux/tipc_config.h
  HDRINST usr/include/linux/tipc_netlink.h
  HDRINST usr/include/linux/toshiba.h
  HDRINST usr/include/linux/udmabuf.h
  HDRINST usr/include/linux/udp.h
  HDRINST usr/include/linux/uhid.h
  HDRINST usr/include/linux/uinput.h
  HDRINST usr/include/linux/uio.h
  HDRINST usr/include/linux/uleds.h
  HDRINST usr/include/linux/un.h
  HDRINST usr/include/linux/unistd.h
  HDRINST usr/include/linux/unix_diag.h
  HDRINST usr/include/linux/usbdevice_fs.h
  HDRINST usr/include/linux/userio.h
  HDRINST usr/include/linux/utime.h
  HDRINST usr/include/linux/v4l2-common.h
  HDRINST usr/include/linux/utsname.h
  HDRINST usr/include/linux/veth.h
  HDRINST usr/include/linux/videodev2.h
  HDRINST usr/include/linux/v4l2-controls.h
  HDRINST usr/include/linux/virtio_balloon.h
  HDRINST usr/include/linux/virtio_crypto.h
  HDRINST usr/include/linux/virtio_input.h
  HDRINST usr/include/linux/virtio_fs.h
  HDRINST usr/include/linux/virtio_iommu.h
  HDRINST usr/include/linux/virtio_net.h
  HDRINST usr/include/linux/virtio_ring.h
  HDRINST usr/include/linux/virtio_scsi.h
  HDRINST usr/include/linux/virtio_vsock.h
  HDRINST usr/include/linux/vm_sockets.h
  HDRINST usr/include/linux/vmcore.h
  HDRINST usr/include/linux/vt.h
  HDRINST usr/include/linux/wait.h
  HDRINST usr/include/linux/vsockmon.h
  HDRINST usr/include/linux/wireless.h
  HDRINST usr/include/linux/watchdog.h
  HDRINST usr/include/linux/zorro.h
  HDRINST usr/include/linux/xdp_diag.h
  HDRINST usr/include/linux/xilinx-v4l2-controls.h
  HDRINST usr/include/media/msm_cvp_private.h
  HDRINST usr/include/linux/zorro_ids.h
  HDRINST usr/include/media/radio-iris-commands.h
  HDRINST usr/include/media/radio-iris.h
  HDRINST usr/include/misc/cxl.h
  HDRINST usr/include/media/synx.h
  HDRINST usr/include/misc/fastrpc.h
  HDRINST usr/include/misc/habanalabs.h
  HDRINST usr/include/misc/ocxl.h
  HDRINST usr/include/misc/xilinx_sdfec.h
  HDRINST usr/include/mtd/mtd-user.h
  HDRINST usr/include/misc/wigig_sensing_uapi.h
  HDRINST usr/include/mtd/inftl-user.h
  HDRINST usr/include/mtd/mtd-abi.h
  HDRINST usr/include/mtd/nftl-user.h
  HDRINST usr/include/mtd/ubi-user.h
  HDRINST usr/include/rdma/bnxt_re-abi.h
  HDRINST usr/include/rdma/cxgb3-abi.h
  HDRINST usr/include/rdma/efa-abi.h
  HDRINST usr/include/rdma/cxgb4-abi.h
  HDRINST usr/include/rdma/hfi/hfi1_ioctl.h
  HDRINST usr/include/rdma/hfi/hfi1_user.h
  HDRINST usr/include/rdma/hns-abi.h
  HDRINST usr/include/rdma/i40iw-abi.h
  HDRINST usr/include/rdma/ib_user_ioctl_cmds.h
  HDRINST usr/include/rdma/ib_user_ioctl_verbs.h
  HDRINST usr/include/rdma/ib_user_mad.h
  HDRINST usr/include/rdma/mlx4-abi.h
  HDRINST usr/include/rdma/ib_user_sa.h
  HDRINST usr/include/rdma/mlx5-abi.h
  HDRINST usr/include/rdma/ib_user_verbs.h
  HDRINST usr/include/rdma/mlx5_user_ioctl_verbs.h
  HDRINST usr/include/rdma/mthca-abi.h
  HDRINST usr/include/rdma/mlx5_user_ioctl_cmds.h
  HDRINST usr/include/rdma/ocrdma-abi.h
  HDRINST usr/include/rdma/rdma_netlink.h
  HDRINST usr/include/rdma/qedr-abi.h
  HDRINST usr/include/rdma/rdma_user_ioctl.h
  HDRINST usr/include/rdma/rdma_user_cm.h
  HDRINST usr/include/rdma/rdma_user_ioctl_cmds.h
  HDRINST usr/include/rdma/rdma_user_rxe.h
  HDRINST usr/include/rdma/rvt-abi.h
  HDRINST usr/include/rdma/siw-abi.h
  HDRINST usr/include/rdma/vmw_pvrdma-abi.h
  HDRINST usr/include/scsi/cxlflash_ioctl.h
  HDRINST usr/include/scsi/fc/fc_fs.h
  HDRINST usr/include/scsi/fc/fc_els.h
  HDRINST usr/include/scsi/fc/fc_ns.h
  HDRINST usr/include/scsi/fc/fc_gs.h
  HDRINST usr/include/scsi/scsi_bsg_fc.h
  HDRINST usr/include/scsi/scsi_bsg_ufs.h
  HDRINST usr/include/scsi/scsi_netlink.h
  HDRINST usr/include/sound/asequencer.h
  HDRINST usr/include/sound/asoc.h
  HDRINST usr/include/scsi/scsi_netlink_fc.h
  HDRINST usr/include/sound/asound.h
  HDRINST usr/include/sound/asound_fm.h
  HDRINST usr/include/sound/compress_offload.h
  HDRINST usr/include/sound/compress_params.h
  HDRINST usr/include/sound/firewire.h
  HDRINST usr/include/sound/hdsp.h
  HDRINST usr/include/sound/emu10k1.h
  HDRINST usr/include/sound/hdspm.h
  HDRINST usr/include/sound/sb16_csp.h
  HDRINST usr/include/sound/sfnt_info.h
  HDRINST usr/include/sound/snd_sst_tokens.h
  HDRINST usr/include/sound/skl-tplg-interface.h
  HDRINST usr/include/sound/sof/fw.h
  HDRINST usr/include/sound/sof/abi.h
  HDRINST usr/include/sound/sof/header.h
  HDRINST usr/include/sound/sof/tokens.h
  HDRINST usr/include/sound/tlv.h
  HDRINST usr/include/video/sisfb.h
  HDRINST usr/include/video/uvesafb.h
  HDRINST usr/include/sound/usb_stream.h
  HDRINST usr/include/video/edid.h
  HDRINST usr/include/xen/gntdev.h
  HDRINST usr/include/xen/evtchn.h
  HOSTLD  scripts/mod/modpost
  HDRINST usr/include/xen/gntalloc.h
  HDRINST usr/include/linux/version.h
  HDRINST usr/include/xen/privcmd.h
  CC      kernel/bounds.s
  CALL    scripts/atomic/check-atomics.sh
  HDRINST usr/include/asm/auxvec.h
  HDRINST usr/include/asm/bitsperlong.h
  HDRINST usr/include/asm/bpf_perf_event.h
  HDRINST usr/include/asm/byteorder.h
  HDRINST usr/include/asm/fcntl.h
  HDRINST usr/include/asm/hwcap.h
  HDRINST usr/include/asm/kvm.h
  HDRINST usr/include/asm/perf_regs.h
  HDRINST usr/include/asm/param.h
  HDRINST usr/include/asm/posix_types.h
  HDRINST usr/include/asm/sigcontext.h
  HDRINST usr/include/asm/ptrace.h
  HDRINST usr/include/asm/signal.h
  HDRINST usr/include/asm/setup.h
  HDRINST usr/include/asm/statfs.h
  HDRINST usr/include/asm/ucontext.h
  HDRINST usr/include/asm/sve_context.h
  HDRINST usr/include/asm/unistd.h
  HDRINST usr/include/asm/kvm_para.h
  HDRINST usr/include/asm/errno.h
  HDRINST usr/include/asm/ioctl.h
  HDRINST usr/include/asm/ipcbuf.h
  HDRINST usr/include/asm/ioctls.h
  HDRINST usr/include/asm/mman.h
  HDRINST usr/include/asm/resource.h
  HDRINST usr/include/asm/msgbuf.h
  HDRINST usr/include/asm/poll.h
  HDRINST usr/include/asm/sembuf.h
  HDRINST usr/include/asm/siginfo.h
  HDRINST usr/include/asm/shmbuf.h
  HDRINST usr/include/asm/socket.h
  HDRINST usr/include/asm/stat.h
  HDRINST usr/include/asm/swab.h
  HDRINST usr/include/asm/sockios.h
  HDRINST usr/include/asm/termbits.h
  HDRINST usr/include/asm/types.h
  HDRINST usr/include/asm/termios.h
  CC      arch/arm64/kernel/asm-offsets.s
  CALL    scripts/checksyscalls.sh
  LDS     arch/arm64/kernel/vdso/vdso.lds
  CC      arch/arm64/kernel/vdso/vgettimeofday.o
  AS      arch/arm64/kernel/vdso/note.o
  AS      arch/arm64/kernel/vdso/sigreturn.o
  LD      arch/arm64/kernel/vdso/vdso.so.dbg
egrep: warning: egrep is obsolescent; using grep -E
  VDSOSYM include/generated/vdso-offsets.h
  CHK     include/generated/compile.h
  CC      init/main.o
  CC      init/do_mounts.o
  CC      init/do_mounts_rd.o
  CC      init/do_mounts_initrd.o
  CC      init/initramfs.o
  CC      init/init_task.o
  CC      init/calibrate.o
./scripts/mkcompile_h: line 49: hostname: comando não encontrado
  HOSTCC  usr/gen_init_cpio
  CC      init/version.o
  CC      arch/arm64/crypto/sha1-ce-glue.o
  CC      arch/arm64/mm/dma-mapping.o
  AS      arch/arm64/crypto/sha1-ce-core.o
  CC      arch/arm64/net/bpf_jit_comp.o
  CC      arch/arm64/kernel/probes/kprobes.o
  OBJCOPY arch/arm64/kernel/vdso/vdso.so
  AS      arch/arm64/kernel/vdso/vdso.o
  AR      arch/arm64/kernel/vdso/built-in.a
  CC      certs/system_keyring.o
  CC      arch/arm64/crypto/sha2-ce-glue.o
  GEN     usr/initramfs_data.cpio
  AS      usr/initramfs_data.o
  AS      arch/arm64/crypto/sha2-ce-core.o
  AR      usr/built-in.a
  CC      arch/arm64/mm/extable.o
  CC      arch/arm64/mm/fault.o
  CC      mm/filemap.o
  AS      arch/arm64/crypto/aes-ce-core.o
  CC      kernel/bpf/core.o
  CC      kernel/cgroup/cgroup.o
  CC      arch/arm64/kernel/probes/decode-insn.o
  CC      arch/arm64/crypto/aes-ce-glue.o
  CC      arch/arm64/kernel/debug-monitors.o
  CC      kernel/cgroup/rstat.o
  EXTRACT_CERTS   
  CC      certs/common.o
  CC      fs/configfs/inode.o
  CC      arch/arm64/mm/init.o
  CC      fs/crypto/crypto.o
  CC      kernel/dma/mapping.o
  AS      certs/system_certificates.o
  AS      arch/arm64/kernel/probes/kprobes_trampoline.o
  AR      arch/arm64/net/built-in.a
  AR      certs/built-in.a
  CC      fs/crypto/fname.o
  CC      kernel/bpf/syscall.o
  CC      mm/mempool.o
  CC      arch/arm64/kernel/probes/simulate-insn.o
  CC      arch/arm64/crypto/aes-glue-ce.o
  AS      arch/arm64/kernel/entry.o
  CC      ipc/compat.o
  AR      init/built-in.a
  CC      fs/configfs/file.o
  CC      fs/crypto/hkdf.o
  CC      ipc/util.o
  CC      fs/devpts/inode.o
  AS      arch/arm64/mm/cache.o
  CC      arch/arm64/kernel/probes/uprobes.o
  CC      kernel/events/core.o
  CC      kernel/dma/direct.o
  CC      arch/arm64/mm/copypage.o
  CC      kernel/bpf/verifier.o
  CC      mm/oom_kill.o
  CC      fs/configfs/dir.o
  CC      fs/crypto/hooks.o
  CC      kernel/dma/dummy.o
  AR      arch/arm64/kernel/probes/built-in.a
  AR      fs/devpts/built-in.a
  CC      arch/arm64/kernel/irq.o
  CC      kernel/dma/contiguous.o
  AS      arch/arm64/crypto/aes-ce.o
  CC      ipc/msgutil.o
  CC      arch/arm64/crypto/sha256-glue.o
  CC      fs/crypto/keyring.o
  CC      arch/arm64/mm/flush.o
  CC      mm/fadvise.o
  CC      arch/arm64/kernel/fpsimd.o
  AS      arch/arm64/kernel/entry-fpsimd.o
  CC      security/apparmor/apparmorfs.o
  CC      security/integrity/iint.o
  CC      security/apparmor/audit.o
  CC      ipc/msg.o
  CC      kernel/dma/coherent.o
  CC      fs/configfs/symlink.o
  CC      security/integrity/integrity_audit.o
  SHIPPED arch/arm64/crypto/sha256-core.S
  CC      arch/arm64/mm/ioremap.o
  AS      arch/arm64/crypto/aes-cipher-core.o
  CC      fs/crypto/keysetup.o
  CC      fs/crypto/keysetup_v1.o
  CC      kernel/dma/swiotlb.o
  CC      arch/arm64/crypto/aes-cipher-glue.o
  CC      mm/maccess.o
  CC      fs/configfs/mount.o
  CC      fs/crypto/policy.o
  CC      fs/crypto/bio.o
  CC      ipc/sem.o
  AR      security/integrity/built-in.a
  AS      arch/arm64/crypto/sha256-core.o
  CC      fs/erofs/super.o
  AR      arch/arm64/crypto/built-in.a
  CC      kernel/irq/irqdesc.o
  CC      arch/arm64/kernel/process.o
  CC      arch/arm64/kernel/ptrace.o
  CC      arch/arm64/mm/mmap.o
  CC      fs/configfs/item.o
  CC      kernel/cgroup/namespace.o
  CC      mm/page-writeback.o
  CC      arch/arm64/kernel/setup.o
  CC      arch/arm64/mm/pgd.o
  CC      arch/arm64/mm/mmu.o
  CC      fs/crypto/inline_crypt.o
  AR      fs/configfs/built-in.a
  CC      ipc/shm.o
  CC      kernel/dma/remap.o
  GEN     security/apparmor/capability_names.h
  CC      security/apparmor/task.o
  CC      kernel/irq/handle.o
  CC      fs/erofs/inode.o
  CC      security/apparmor/ipc.o
  CC      kernel/cgroup/cgroup-v1.o
  AR      kernel/dma/built-in.a
  CC      block/partitions/check.o
  CC      security/keys/gc.o
  CC      fs/erofs/data.o
  CC      crypto/asymmetric_keys/asymmetric_type.o
  CC      kernel/irq/manage.o
  CC      arch/arm64/kernel/signal.o
  CC      mm/readahead.o
  AR      fs/crypto/built-in.a
  CC      kernel/bpf/inode.o
  CC      ipc/syscall.o
  CC      block/bio.o
  CC      security/apparmor/lib.o
  CC      security/keys/key.o
  CC      block/partitions/msdos.o
  CC      arch/arm64/mm/context.o
  CC      kernel/cgroup/freezer.o
  CC      fs/erofs/namei.o
  CC      ipc/ipc_sysctl.o
  CC      crypto/asymmetric_keys/restrict.o
  CC      security/apparmor/match.o
  CC      kernel/events/ring_buffer.o
  CC      drivers/amba/bus.o
  CC      kernel/bpf/helpers.o
  CC      crypto/asymmetric_keys/signature.o
  AS      arch/arm64/mm/proc.o
  CC      mm/swap.o
  CC      block/partitions/efi.o
  CC      fs/erofs/dir.o
  CC      ipc/mqueue.o
  CC      arch/arm64/mm/pageattr.o
  CC      kernel/cgroup/legacy_freezer.o
  CC      arch/arm64/kernel/sys.o
  CC      security/keys/keyring.o
  CC      kernel/irq/spurious.o
  CC      kernel/bpf/tnum.o
  CC      security/apparmor/path.o
  CC      fs/erofs/utils.o
  AR      arch/arm64/mm/built-in.a
  CC      crypto/asymmetric_keys/public_key.o
  CC      ipc/namespace.o
  GEN     security/selinux/flask.h security/selinux/av_permissions.h
  CC      security/selinux/avc.o
  CC      kernel/irq/resend.o
  AR      block/partitions/built-in.a
  CC      kernel/bpf/hashtab.o
  CC      kernel/cgroup/pids.o
  CC      arch/arm64/kernel/stacktrace.o
  CC      security/apparmor/domain.o
  AR      drivers/amba/built-in.a
  CC      drivers/android/binderfs.o
  CC      block/elevator.o
  CC      mm/truncate.o
  CC      kernel/events/callchain.o
  CC      kernel/irq/chip.o
  CC      fs/erofs/xattr.o
  CC      kernel/cgroup/cpuset.o
  ASN.1   crypto/asymmetric_keys/x509.asn1.[ch]
  CC      crypto/api.o
  ASN.1   crypto/asymmetric_keys/x509_akid.asn1.[ch]
  CC      crypto/asymmetric_keys/x509_public_key.o
  CC      security/keys/keyctl.o
  CC      drivers/android/binder.o
  CC      arch/arm64/kernel/time.o
  CC      ipc/mq_sysctl.o
  CC      fs/erofs/decompressor.o
  CC      security/selinux/hooks.o
  CC      security/apparmor/policy.o
  CC      kernel/events/hw_breakpoint.o
  CC      kernel/bpf/arraymap.o
  ASN.1   crypto/asymmetric_keys/pkcs7.asn1.[ch]
  CC      crypto/asymmetric_keys/pkcs7_trust.o
  AR      ipc/built-in.a
  CC      block/blk-core.o
  CC      mm/vmscan.o
  CC      kernel/irq/dummychip.o
  CC      crypto/asymmetric_keys/pkcs7_verify.o
  CC      arch/arm64/kernel/traps.o
  CC      security/keys/permission.o
  CC      fs/erofs/zmap.o
  CC      security/selinux/selinuxfs.o
  CC      fs/exportfs/expfs.o
  CC      mm/shmem.o
  CC      kernel/irq/devres.o
  CC      kernel/events/uprobes.o
  CC      kernel/bpf/percpu_freelist.o
  CC      security/apparmor/policy_unpack.o
  CC      crypto/asymmetric_keys/x509.asn1.o
  CC      fs/erofs/zdata.o
  CC      security/keys/process_keys.o
  CC      arch/arm64/kernel/io.o
  CC      crypto/asymmetric_keys/x509_akid.asn1.o
  CC      kernel/bpf/bpf_lru_list.o
  AR      kernel/cgroup/built-in.a
  CC      mm/util.o
  CC      crypto/asymmetric_keys/x509_cert_parser.o
  AR      fs/exportfs/built-in.a
  CC      drivers/android/binder_alloc.o
  CC      kernel/irq/generic-chip.o
  CC      kernel/bpf/lpm_trie.o
  CC      arch/arm64/kernel/vdso.o
  CC      crypto/asymmetric_keys/pkcs7_parser.o
  CC      crypto/asymmetric_keys/pkcs7.asn1.o
  CC      fs/ext4/balloc.o
  CC      security/keys/request_key.o
  CC      block/blk-sysfs.o
  CC      security/apparmor/procattr.o
  AR      fs/erofs/built-in.a
  CC      fs/ext4/bitmap.o
  AS      arch/arm64/kernel/hyp-stub.o
  CC      kernel/irq/autoprobe.o
  CC      arch/arm64/kernel/psci.o
  CC      kernel/irq/irqdomain.o
  AR      kernel/events/built-in.a
  CC      security/commoncap.o
  CC      kernel/irq/proc.o
  CC      security/selinux/netlink.o
  AR      crypto/asymmetric_keys/built-in.a
  CC      crypto/cipher.o
  CC      kernel/bpf/map_in_map.o
  CC      arch/arm64/kernel/cpu_ops.o
  CC      block/blk-flush.o
  CC      drivers/android/vendor_hooks.o
  CC      fs/ext4/block_validity.o
  CC      kernel/bpf/local_storage.o
  CC      security/keys/request_key_auth.o
  CC      security/selinux/nlmsgtab.o
  CC      security/apparmor/lsm.o
  CC      security/keys/user_defined.o
  CC      mm/mmzone.o
  CC      crypto/compress.o
  CC      security/keys/compat.o
  CC      fs/ext4/dir.o
  CC      arch/arm64/kernel/insn.o
  CC      kernel/irq/cpuhotplug.o
  CC      mm/vmstat.o
  CC      arch/arm64/kernel/return_address.o
  CC      crypto/memneq.o
  CC      security/keys/proc.o
  CC      mm/backing-dev.o
  AR      sound/arm/built-in.a
  AR      sound/atmel/built-in.a
  CC      sound/core/sound.o
  CC      kernel/bpf/queue_stack_maps.o
  CC      security/selinux/netif.o
  CC      block/blk-settings.o
  AR      drivers/auxdisplay/built-in.a
  AR      kernel/livepatch/built-in.a
  CC      kernel/bpf/disasm.o
  CC      security/min_addr.o
  CC      kernel/irq/pm.o
  CC      arch/arm64/kernel/cpuinfo.o
  CC      security/keys/sysctl.o
  AR      drivers/android/built-in.a
  CC      fs/ext4/ext4_jbd2.o
  CC      kernel/locking/mutex.o
  AR      drivers/base/firmware_loader/builtin/built-in.a
  CC      drivers/base/firmware_loader/fallback_table.o
  CC      kernel/bpf/btf.o
  CC      kernel/power/qos.o
  GEN     security/apparmor/rlim_names.h
  CC      kernel/irq/msi.o
  CC      crypto/crypto_engine.o
  CC      security/keys/keyctl_pkey.o
  CC      sound/core/init.o
  CC      arch/arm64/kernel/cpu_errata.o
  CC      security/selinux/netnode.o
  CC      block/blk-ioc.o
  CC      security/apparmor/secid.o
  CC      arch/arm64/kernel/cpufeature.o
  CC      drivers/base/firmware_loader/main.o
  CC      fs/ext4/extents.o
  CC      security/security.o
  CC      mm/mm_init.o
  AR      security/keys/built-in.a
  CC      kernel/irq/affinity.o
  CC      kernel/bpf/devmap.o
  CC      kernel/locking/semaphore.o
  CC      drivers/block/zram/zcomp.o
  CC      security/selinux/netport.o
  CC      kernel/power/main.o
  CC      crypto/algapi.o
  CC      sound/core/memory.o
  AR      kernel/irq/built-in.a
  CC      drivers/block/brd.o
  CC      security/apparmor/file.o
  CC      block/blk-map.o
  CC      drivers/block/zram/zram_drv.o
  CC      drivers/block/loop.o
  CC      mm/mmu_context.o
  CC      kernel/locking/rwsem.o
  CC      kernel/bpf/cpumap.o
  CC      drivers/base/firmware_loader/fallback.o
  CC      security/selinux/ss/ebitmap.o
  CC      arch/arm64/kernel/alternative.o
  CC      sound/core/control.o
  CC      techpack/stub/stub.o
  AR      techpack/stub/built-in.a
  AR      techpack/built-in.a
  CC      fs/f2fs/dir.o
  CC      mm/percpu.o
  CC      block/blk-exec.o
  CC      kernel/power/process.o
  CC      arch/arm64/kernel/cacheinfo.o
  AR      drivers/base/firmware_loader/built-in.a
  CC      drivers/base/power/sysfs.o
  CC      crypto/scatterwalk.o
  AR      drivers/block/zram/built-in.a
  CC      security/inode.o
  CC      security/apparmor/policy_ns.o
  CC      security/selinux/ss/hashtab.o
  CC      kernel/bpf/xskmap.o
  CC      kernel/locking/percpu-rwsem.o
  CC      drivers/bluetooth/hci_ldisc.o
  CC      arch/arm64/kernel/smp.o
  CC      kernel/power/suspend.o
  CC      block/blk-merge.o
  CC      security/selinux/ss/symtab.o
  CC      drivers/base/power/generic_ops.o
  CC      crypto/proc.o
  CC      arch/arm64/kernel/smp_spin_table.o
  AR      drivers/block/built-in.a
  CC      kernel/bpf/offload.o
  CC      kernel/locking/spinlock.o
  CC      fs/ext4/extents_status.o
  CC      security/selinux/ss/sidtab.o
  CC      fs/f2fs/file.o
  CC      security/apparmor/label.o
  AR      sound/drivers/mpu401/built-in.a
  AR      sound/drivers/opl3/built-in.a
  AR      sound/drivers/opl4/built-in.a
  AR      sound/drivers/pcsp/built-in.a
  AR      sound/drivers/vx/built-in.a
  AR      sound/drivers/built-in.a
  CC      mm/slab_common.o
  CC      drivers/base/power/common.o
  CC      sound/core/misc.o
  CC      block/blk-softirq.o
  CC      crypto/aead.o
  CC      kernel/locking/osq_lock.o
  CC      arch/arm64/kernel/topology.o
  CC      net/802/p8022.o
  CC      kernel/power/wakelock.o
  CC      kernel/locking/qspinlock.o
  CC      fs/ext4/file.o
  CC      drivers/bluetooth/hci_serdev.o
  CC      drivers/base/power/qos.o
  AS      arch/arm64/kernel/smccc-call.o
  CC      security/selinux/ss/avtab.o
  CC      block/blk-timeout.o
  CC      sound/core/device.o
  CC      kernel/bpf/stackmap.o
  CC      arch/arm64/kernel/syscall.o
  CC      kernel/power/poweroff.o
  CC      kernel/locking/rtmutex.o
  CC      kernel/locking/qrwlock.o
  CC      fs/ext4/fsmap.o
  CC      kernel/power/wakeup_reason.o
  CC      crypto/ablkcipher.o
  CC      sound/core/info.o
  CC      net/802/psnap.o
  CC      security/selinux/ss/policydb.o
  CC      security/apparmor/mount.o
  AS      arch/arm64/lib/crc32.o
  CC      block/blk-lib.o
  CC      mm/compaction.o
  CC      arch/arm64/kernel/sys32.o
  CC      arch/arm64/lib/error-inject.o
  CC      kernel/bpf/cgroup.o
  CC      drivers/base/power/runtime.o
  AR      kernel/locking/built-in.a
  CC      crypto/blkcipher.o
  CC      drivers/bluetooth/hci_h4.o
  CC      fs/ext4/fsync.o
  AS      arch/arm64/lib/clear_page.o
  CC      arch/arm64/kernel/signal32.o
b'In file included from ./include/linux/kobject.h:19,\n' b'                 from ./include/linux/device.h:16,\n' b'                 from ./include/linux/node.h:18,\n' b'                 from ./include/linux/cpu.h:17,\n' b'                 from mm/compaction.c:11:\n' b"In function '__list_cut_position',\n" b"    inlined from 'list_cut_position' at ./include/linux/list.h:368:3,\n" b"    inlined from 'move_freelist_tail' at mm/compaction.c:1215:3:\n" b"./include/linux/list.h:338:21: warning: storing the address of local variable 'sublist' in '*&freepage_6(D)->D.16798.D.16744.lru.next' [-Wdangling-pointer=]\n" error, forbidden warning: list.h:338
make[1]: *** [scripts/Makefile.build:288: mm/compaction.o] Error 1
make: *** [Makefile:1852: mm] Error 2
make: ** Esperando que outros processos terminem.
  CC      net/bluetooth/hidp/core.o
  CC      kernel/power/energy_model.o
  CC      sound/core/vmaster.o
  CC      net/bluetooth/rfcomm/core.o
  AS      arch/arm64/lib/clear_user.o
  GEN     security/apparmor/net_names.h
  CC      net/802/stp.o
  GEN     security/apparmor/net_names.h
  CC      security/apparmor/crypto.o
  CC      block/blk-mq.o
  CC      fs/f2fs/inode.o
  CC      fs/ext4/hash.o
  CC      crypto/skcipher.o
  CC      drivers/base/power/wakeirq.o
  AS      arch/arm64/lib/copy_from_user.o
  AR      kernel/power/built-in.a
  AS      arch/arm64/lib/copy_in_user.o
  CC      security/selinux/ss/services.o
  CC      sound/core/ctljack.o
  CC      arch/arm64/kernel/sys_compat.o
  CC      security/apparmor/capability.o
  CC      net/bpf/test_run.o
  CC      drivers/bluetooth/hci_ll.o
  CC      sound/core/jack.o
  AS      arch/arm64/lib/copy_page.o
  AR      net/802/built-in.a
  CC      drivers/base/power/main.o
  CC      fs/ext4/ialloc.o
  CC      sound/core/hwdep.o
  CC      kernel/bpf/reuseport_array.o
  AS      arch/arm64/kernel/sigreturn32.o
  AS      arch/arm64/kernel/kuser32.o
  AS      arch/arm64/lib/copy_to_user.o
  CC      net/bluetooth/rfcomm/sock.o
  CC      net/bluetooth/hidp/sock.o
  CC      arch/arm64/kernel/module.o
  CC      fs/f2fs/namei.o
  CC      security/apparmor/resource.o
  CC      crypto/seqiv.o
  CC      fs/fat/cache.o
  CC      arch/arm64/lib/delay.o
  AR      kernel/bpf/built-in.a
  CC      kernel/printk/printk.o
  CC      arch/arm64/kernel/module-plts.o
  CC      drivers/bluetooth/hci_bcm.o
  AR      net/bpf/built-in.a
  CC      fs/fat/dir.o
  CC      sound/core/timer.o
  CC      crypto/echainiv.o
  AR      net/bluetooth/hidp/built-in.a
  CC      security/selinux/ss/conditional.o
  CC      crypto/ahash.o
  AS      arch/arm64/lib/memchr.o
  CC      security/lsm_audit.o
  CC      security/apparmor/net.o
  CC      arch/arm64/kernel/perf_regs.o
  CC      fs/ext4/indirect.o
  CC      net/bluetooth/rfcomm/tty.o
  CC      block/blk-mq-tag.o
  AS      arch/arm64/lib/memcmp.o
  CC      fs/f2fs/hash.o
  CC      arch/arm64/kernel/perf_callchain.o
  CC      drivers/base/power/wakeup.o
  AS      arch/arm64/lib/memcpy.o
  CC      drivers/bluetooth/hci_qca.o
  AR      sound/firewire/built-in.a
  CC      kernel/rcu/update.o
  AR      security/apparmor/built-in.a
  AR      net/bridge/netfilter/built-in.a
  CC      net/bridge/br.o
  AS      arch/arm64/lib/memmove.o
  CC      fs/f2fs/super.o
  CC      security/selinux/ss/mls.o
  CC      sound/core/hrtimer.o
  CC      fs/ext4/inline.o
  CC      arch/arm64/kernel/perf_event.o
  CC      crypto/shash.o
  CC      block/blk-stat.o
  CC      sound/core/pcm.o
  AS      arch/arm64/lib/memset.o
  CC      fs/fat/fatent.o
  CC      kernel/printk/printk_safe.o
  AR      net/bluetooth/rfcomm/built-in.a
  CC      net/bluetooth/af_bluetooth.o
  CC      drivers/base/power/wakeup_stats.o
  CC      security/selinux/ss/status.o
  AR      kernel/printk/built-in.a
  CC      arch/arm64/kernel/perf_trace_counters.o
  AS      arch/arm64/lib/strchr.o
  CC      kernel/rcu/sync.o
  CC      security/device_cgroup.o
  CC      sound/core/pcm_native.o
  CC      drivers/bluetooth/btsdio.o
  CC      drivers/base/power/domain.o
  CC      kernel/rcu/srcutree.o
  AS      arch/arm64/lib/strcmp.o
  CC      crypto/akcipher.o
  CC      block/blk-mq-sysfs.o
  CC      net/bridge/br_device.o
  CC      arch/arm64/kernel/perf_trace_user.o
  CC      fs/f2fs/inline.o
  CC      drivers/bluetooth/btbcm.o
  CC      fs/ext4/inode.o
  CC      fs/fat/file.o
  AR      security/selinux/built-in.a
  AR      security/built-in.a
  CC      fs/fuse/dev.o
  AS      arch/arm64/lib/strlen.o
  CC      arch/arm64/kernel/hw_breakpoint.o
  CC      block/blk-mq-cpumap.o
  CC      kernel/rcu/tree.o
  CC      block/blk-mq-sched.o
  AS      arch/arm64/lib/strncmp.o
  CC      net/bluetooth/hci_core.o
  CC      crypto/kpp.o
  AS      arch/arm64/lib/strnlen.o
  CC      drivers/base/power/domain_governor.o
  CC      drivers/bus/qcom-ebi2.o
  CC      net/core/sock.o
  CC      net/bridge/br_fdb.o
  AS      arch/arm64/kernel/sleep.o
  CC      fs/fat/inode.o
  CC      drivers/bluetooth/btqca.o
  CC      arch/arm64/kernel/suspend.o
  AS      arch/arm64/lib/strrchr.o
  CC      drivers/base/power/clock_ops.o
  AR      drivers/bus/built-in.a
  CC      arch/arm64/kernel/cpuidle.o
  CC      block/ioctl.o
  ASN.1   crypto/rsapubkey.asn1.[ch]
  ASN.1   crypto/rsaprivkey.asn1.[ch]
  CC      crypto/rsa.o
  AS      arch/arm64/lib/tishift.o
  CC      kernel/rcu/rcu_segcblist.o
  CC      fs/fuse/dir.o
  CC      arch/arm64/kernel/jump_label.o
  CC      sound/core/pcm_lib.o
  CC      arch/arm64/kernel/efi.o
  AR      drivers/base/power/built-in.a
  CC      drivers/base/regmap/regmap.o
  CC      fs/f2fs/checkpoint.o
  CC      crypto/rsa_helper.o
  AR      drivers/base/test/built-in.a
  AR      arch/arm64/lib/lib.a
  AR      sound/hda/built-in.a
  CC      net/bluetooth/hci_conn.o
  EXPORTS arch/arm64/lib/lib-ksyms.o
  AR      drivers/bluetooth/built-in.a
  CC      fs/ext4/ioctl.o
  AR      arch/arm64/lib/built-in.a
  CC      fs/ext4/mballoc.o
  CC      fs/fat/misc.o
  AS      arch/arm64/kernel/efi-entry.o
  CC      crypto/rsa-pkcs1pad.o
  AS      arch/arm64/kernel/efi-rt-wrapper.o
  CC      arch/arm64/kernel/pci.o
  CC      net/bridge/br_forward.o
  CC      block/genhd.o
  CC      fs/fuse/file.o
  CC      net/core/request_sock.o
  AR      kernel/rcu/built-in.a
  CC      kernel/sched/core.o
  CC      fs/fat/nfs.o
  CC      sound/core/pcm_misc.o
  CC      arch/arm64/kernel/armv8_deprecated.o
  CC      crypto/acompress.o
  CC      net/core/skbuff.o
  CC      net/bluetooth/hci_event.o
  CC      drivers/base/component.o
  CC      fs/fat/namei_vfat.o
  CC      fs/f2fs/gc.o
  CC      drivers/base/regmap/regcache.o
  CC      net/core/datagram.o
  CC      net/bridge/br_if.o
  CC      arch/arm64/kernel/paravirt.o
  CC      sound/core/pcm_memory.o
  CC      net/core/stream.o
  CC      arch/arm64/kernel/bootinfo.o
  CC      crypto/scompress.o
  CC      block/partition-generic.o
b"arch/arm64/kernel/bootinfo.c:237:25: warning: conflicting types for 'powerup_reason' due to enum/integer mismatch; have 'u32' {aka 'unsigned int'} [-Wenum-int-mismatch]\n" error, forbidden warning: bootinfo.c:237
make[2]: *** [scripts/Makefile.build:288: arch/arm64/kernel/bootinfo.o] Error 1
make[1]: *** [scripts/Makefile.build:558: arch/arm64/kernel] Error 2
make: *** [Makefile:1852: arch/arm64] Error 2
  AR      drivers/cdrom/built-in.a
  CC      fs/ext4/migrate.o
  CC      fs/ext4/mmp.o
  CC      fs/fat/namei_msdos.o
  CC      drivers/base/regmap/regcache-rbtree.o
  CC      sound/core/memalloc.o
  CC      net/ethernet/eth.o
  CC      fs/fuse/inode.o
  CC      crypto/algboss.o
  CC      drivers/base/regmap/regcache-flat.o
  CC      block/ioprio.o
  CC      block/badblocks.o
  AR      fs/fat/built-in.a
  CC      net/bridge/br_input.o
  CC      block/blk-rq-qos.o
  CC      net/bluetooth/mgmt.o
  CC      fs/f2fs/data.o
  CC      fs/ext4/move_extent.o
  CC      drivers/base/regmap/regmap-i2c.o
  CC      sound/core/pcm_timer.o
  CC      crypto/testmgr.o
  CC      drivers/base/regmap/regmap-spi.o
  CC      drivers/base/regmap/regmap-spmi.o
  CC      fs/fuse/control.o
  CC      sound/core/pcm_drm_eld.o
  CC      block/scsi_ioctl.o
  CC      kernel/time/time.o
  CC      fs/ext4/namei.o
  AR      net/ethernet/built-in.a
  CC      fs/ext4/page-io.o
  CC      fs/incfs/data_mgmt.o
  AR      drivers/char/agp/built-in.a
  CC      kernel/sched/loadavg.o
  CC      drivers/char/hw_random/core.o
  CC      crypto/cmac.o
  CC      drivers/base/regmap/regmap-mmio.o
  CC      net/bridge/br_ioctl.o
  CC      fs/fuse/xattr.o
  CC      sound/core/pcm_iec958.o
  CC      block/bsg.o
  CC      crypto/hmac.o
  CC      net/core/scm.o
  CC      fs/incfs/format.o
  CC      net/bridge/br_stp.o
  CC      net/core/gen_stats.o
  CC      fs/fuse/acl.o
  CC      drivers/base/regmap/regmap-irq.o
  CC      kernel/time/timer.o
  CC      drivers/char/hw_random/hisi-rng.o
  CC      sound/core/pcm_dmaengine.o
  CC      sound/core/rawmidi.o
  CC      kernel/sched/clock.o
  CC      crypto/xcbc.o
  CC      fs/incfs/integrity.o
  CC      fs/fuse/readdir.o
  CC      drivers/char/hw_random/msm_rng.o
  CC      net/bridge/br_stp_bpdu.o
  CC      block/bsg-lib.o
  CC      crypto/crypto_null.o
  CC      sound/core/compress_offload.o
  CC      fs/incfs/main.o
  CC      kernel/sched/cputime.o
  CC      fs/ext4/readpage.o
  CC      fs/f2fs/node.o
  AR      drivers/base/regmap/built-in.a
  CC      drivers/base/core.o
  AR      drivers/char/hw_random/built-in.a
  CC      net/core/gen_estimator.o
  CC      drivers/char/mem.o
  CC      fs/incfs/vfs.o
  AR      fs/fuse/built-in.a
  CC      fs/f2fs/segment.o
  CC      net/bluetooth/hci_sock.o
  CC      net/bridge/br_stp_if.o
  AR      drivers/char/ipmi/built-in.a
  CC      net/ipv4/netfilter/nf_defrag_ipv4.o
  CC      crypto/md5.o
  CC      fs/iomap/apply.o
  AR      sound/core/built-in.a
  AR      sound/i2c/other/built-in.a
  AR      sound/i2c/built-in.a
  AR      sound/isa/ad1816a/built-in.a
  CC      block/blk-cgroup.o
  AR      sound/isa/ad1848/built-in.a
  AR      sound/isa/cs423x/built-in.a
  AR      sound/isa/es1688/built-in.a
  AR      sound/isa/galaxy/built-in.a
  CC      fs/ext4/resize.o
  AR      sound/isa/gus/built-in.a
  CC      drivers/char/random.o
  AR      sound/isa/msnd/built-in.a
  CC      kernel/time/hrtimer.o
  AR      sound/isa/opti9xx/built-in.a
  AR      sound/isa/sb/built-in.a
  AR      sound/isa/wavefront/built-in.a
  AR      sound/isa/wss/built-in.a
  AR      sound/isa/built-in.a
  AR      sound/mips/built-in.a
  AR      sound/parisc/built-in.a
  AR      sound/pci/ac97/built-in.a
  AR      sound/pci/ali5451/built-in.a
  AR      sound/pci/asihpi/built-in.a
  AR      sound/pci/au88x0/built-in.a
  AR      sound/pci/aw2/built-in.a
  AR      sound/pci/ca0106/built-in.a
  CC      fs/iomap/buffered-io.o
  AR      sound/pci/cs46xx/built-in.a
  AR      sound/pci/cs5535audio/built-in.a
  AR      sound/pci/ctxfi/built-in.a
  AR      sound/pci/echoaudio/built-in.a
  AR      sound/pci/emu10k1/built-in.a
  CC      net/bridge/br_stp_timer.o
  AR      sound/pci/hda/built-in.a
  AR      sound/pci/ice1712/built-in.a
  AR      sound/pci/korg1212/built-in.a
  CC      kernel/sched/idle.o
  AR      sound/pci/lola/built-in.a
  AR      sound/pci/lx6464es/built-in.a
  AR      sound/pci/mixart/built-in.a
  AR      sound/pci/nm256/built-in.a
  AR      fs/incfs/built-in.a
  AR      sound/pci/oxygen/built-in.a
  CC      fs/iomap/direct-io.o
  AR      sound/pci/pcxhr/built-in.a
  AR      sound/pci/riptide/built-in.a
  AR      sound/pci/rme9652/built-in.a
  AR      sound/pci/trident/built-in.a
  CC      crypto/sha1_generic.o
  AR      sound/pci/vx222/built-in.a
  CC      net/core/net_namespace.o
  AR      sound/pci/ymfpci/built-in.a
  AR      sound/pci/built-in.a
  AR      sound/pcmcia/pdaudiocf/built-in.a
  AR      sound/pcmcia/vx/built-in.a
  AR      sound/pcmcia/built-in.a
  AR      sound/ppc/built-in.a
  AR      sound/sh/built-in.a
  AR      sound/soc/adi/built-in.a
  AR      sound/soc/amd/built-in.a
  AR      sound/soc/atmel/built-in.a
  AR      sound/soc/au1x/built-in.a
  AR      sound/soc/bcm/built-in.a
  AR      sound/soc/cirrus/built-in.a
  AR      sound/soc/codecs/built-in.a
  CC      net/ipv4/netfilter/nf_socket_ipv4.o
  AR      sound/soc/dwc/built-in.a
  AR      sound/soc/fsl/built-in.a
  AR      sound/soc/generic/built-in.a
  AR      sound/soc/hisilicon/built-in.a
  AR      sound/soc/img/built-in.a
  AR      sound/soc/intel/boards/built-in.a
  AR      sound/soc/intel/common/built-in.a
  AR      sound/soc/intel/built-in.a
  AR      sound/soc/jz4740/built-in.a
  AR      sound/soc/kirkwood/built-in.a
  CC      net/bridge/br_netlink.o
  CC      fs/ext4/super.o
  CC      net/bluetooth/hci_sysfs.o
  AR      sound/soc/mediatek/built-in.a
  AR      sound/soc/meson/built-in.a
  AR      sound/soc/mxs/built-in.a
  AR      sound/soc/pxa/built-in.a
  AR      sound/soc/qcom/built-in.a
  AR      sound/soc/rockchip/built-in.a
  AR      sound/soc/samsung/built-in.a
  AR      sound/soc/sh/built-in.a
  AR      sound/soc/sirf/built-in.a
  AR      sound/soc/sof/built-in.a
  AR      sound/soc/spear/built-in.a
  AR      sound/soc/sprd/built-in.a
  AR      sound/soc/sti/built-in.a
  AR      sound/soc/stm/built-in.a
  CC      crypto/sha256_generic.o
  AR      sound/soc/sunxi/built-in.a
  AR      sound/soc/tegra/built-in.a
  CC      kernel/time/timekeeping.o
  AR      sound/soc/ti/built-in.a
  AR      sound/soc/txx9/built-in.a
  CC      drivers/base/bus.o
  AR      sound/soc/uniphier/built-in.a
  AR      sound/soc/ux500/built-in.a
  AR      sound/soc/xilinx/built-in.a
  AR      sound/soc/xtensa/built-in.a
  AR      sound/soc/zte/built-in.a
  CC      sound/soc/soc-core.o
  CC      block/mq-deadline.o
  CC      net/ipv4/route.o
  CC      fs/ext4/symlink.o
  CC      fs/iomap/fiemap.o
  CC      kernel/sched/fair.o
  CC      net/bluetooth/l2cap_core.o
  CC      drivers/char/misc.o
  CC      net/bridge/br_netlink_tunnel.o
  CC      drivers/char/adsprpc.o
  CC      net/ipv4/netfilter/nf_tproxy_ipv4.o
  CC      block/kyber-iosched.o
  CC      crypto/sha512_generic.o
  CC      net/core/secure_seq.o
  CC      fs/f2fs/recovery.o
  CC      drivers/base/dd.o
  CC      fs/iomap/seek.o
b'In file included from ./include/linux/printk.h:7,\n' b'                 from ./include/linux/kernel.h:15,\n' b'                 from ./include/asm-generic/bug.h:19,\n' b'                 from ./arch/arm64/include/asm/bug.h:26,\n' b'                 from ./include/linux/bug.h:5,\n' b'                 from ./include/linux/scatterlist.h:7,\n' b'                 from ./include/linux/dma-buf.h:18,\n' b'                 from drivers/char/adsprpc.c:14:\n' b"drivers/char/adsprpc.c: In function 'context_build_overlap':\n" b"./include/linux/kern_levels.h:5:25: warning: format '%llx' expects argument of type 'long long unsigned int', but argument 5 has type 'long unsigned int' [-Wformat=]\n" error, forbidden warning: kern_levels.h:5
make[2]: *** [scripts/Makefile.build:288: drivers/char/adsprpc.o] Error 1
make[2]: ** Esperando que outros processos terminem.
  CC      kernel/time/ntp.o
make[1]: *** [scripts/Makefile.build:558: drivers/char] Error 2
make[1]: ** Esperando que outros processos terminem.
  AR      sound/sparc/built-in.a
  CC      fs/jbd2/transaction.o
  CC      net/bridge/br_arp_nd_proxy.o
  CC      net/bridge/br_sysfs_if.o
  CC      crypto/blake2b_generic.o
  CC      block/bfq-iosched.o
  CC      fs/f2fs/shrinker.o
  CC      kernel/time/clocksource.o
  CC      drivers/base/syscore.o
  CC      net/ipv4/netfilter/nf_reject_ipv4.o
  CC      net/core/flow_dissector.o
  CC      sound/soc/soc-dapm.o
  CC      fs/iomap/swapfile.o
  CC      net/ipv4/inetpeer.o
  CC      fs/f2fs/extent_cache.o
  CC      net/bridge/br_sysfs_br.o
  CC      kernel/time/jiffies.o
  CC      crypto/gf128mul.o
  CC      net/core/sysctl_net_core.o
  AR      fs/iomap/built-in.a
  CC      fs/f2fs/sysfs.o
  CC      fs/jbd2/commit.o
  CC      drivers/base/driver.o
  CC      kernel/time/timer_list.o
  CC      crypto/ecb.o
  CC      net/bridge/br_multicast.o
  CC      net/ipv4/netfilter/nf_nat_h323.o
  CC      net/ipv4/netfilter/nf_nat_pptp.o
  CC      block/bfq-wf2q.o
  CC      kernel/sched/rt.o
  CC      kernel/sched/deadline.o
  CC      kernel/time/timeconv.o
  CC      kernel/sched/wait.o
  CC      crypto/cbc.o
  CC      fs/f2fs/debug.o
  CC      drivers/base/class.o
  CC      net/core/dev.o
  CC      sound/soc/soc-jack.o
  CC      fs/jbd2/recovery.o
  CC      crypto/cts.o
  CC      block/bfq-cgroup.o
  CC      net/bluetooth/l2cap_sock.o
  CC      kernel/sched/wait_bit.o
  CC      kernel/time/timecounter.o
  CC      net/ipv4/netfilter/ip_tables.o
  CC      drivers/base/platform.o
  CC      kernel/time/alarmtimer.o
  CC      fs/f2fs/xattr.o
  CC      kernel/time/posix-timers.o
  CC      crypto/xts.o
  CC      fs/jbd2/checkpoint.o
  CC      net/bridge/br_mdb.o
  CC      kernel/time/posix-cpu-timers.o
  CC      block/compat_ioctl.o
  CC      fs/ext4/sysfs.o
  CC      sound/soc/soc-utils.o
  CC      fs/kernfs/mount.o
  CC      crypto/ctr.o
  CC      kernel/sched/swait.o
  CC      fs/f2fs/acl.o
  CC      drivers/base/cpu.o
  CC      fs/jbd2/revoke.o
  CC      net/core/ethtool.o
  CC      net/core/dev_addr_lists.o
  CC      fs/kernfs/inode.o
  CC      block/blk-mq-pci.o
  CC      net/bluetooth/smp.o
  CC      kernel/time/posix-clock.o
  AR      net/bridge/built-in.a
  CC      fs/ext4/xattr.o
  CC      fs/ext4/xattr_trusted.o
  CC      crypto/adiantum.o
  CC      sound/soc/soc-dai.o
  CC      net/ipv4/netfilter/iptable_filter.o
  CC      fs/jbd2/journal.o
  CC      fs/f2fs/verity.o
  CC      fs/kernfs/dir.o
  CC      drivers/base/firmware.o
  CC      fs/ext4/xattr_user.o
  CC      crypto/nhpoly1305.o
  CC      kernel/sched/completion.o
  CC      block/blk-mq-virtio.o
  CC      kernel/time/itimer.o
  CC      block/blk-pm.o
  CC      sound/soc/soc-component.o
  CC      drivers/base/init.o
  CC      net/ipv4/netfilter/iptable_mangle.o
  AR      fs/f2fs/built-in.a
  CC      net/ipv4/netfilter/iptable_nat.o
  CC      kernel/trace/trace_clock.o
  CC      drivers/base/map.o
  CC      fs/ext4/acl.o
  CC      kernel/time/clockevents.o
  CC      fs/kernfs/file.o
  CC      crypto/gcm.o
  AR      sound/spi/built-in.a
  CC      net/bluetooth/lib.o
  CC      kernel/trace/ring_buffer.o
  CC      sound/soc/soc-pcm.o
  CC      block/keyslot-manager.o
  CC      drivers/base/devres.o
  CC      sound/soc/soc-io.o
  CC      net/ipv4/netfilter/iptable_raw.o
  CC      fs/ext4/xattr_security.o
  CC      fs/ext4/verity.o
  CC      kernel/sched/cpupri.o
  CC      fs/nls/nls_base.o
  CC      kernel/time/tick-common.o
  CC      net/ipv4/netfilter/iptable_security.o
  CC      fs/kernfs/symlink.o
  CC      net/bluetooth/ecdh_helper.o
  AR      fs/ext4/built-in.a
  AR      fs/jbd2/built-in.a
  CC      net/ipv4/netfilter/ipt_REJECT.o
  AR      sound/synth/built-in.a
  CC      kernel/fork.o
  CC      crypto/ccm.o
  CC      kernel/trace/trace.o
  CC      crypto/chacha20poly1305.o
  CC      kernel/sched/cpudeadline.o
  CC      drivers/base/attribute_container.o
  CC      block/bio-crypt-ctx.o
  CC      net/bluetooth/hci_request.o
  AR      fs/kernfs/built-in.a
  CC      sound/soc/soc-devres.o
  CC      fs/nls/nls_cp437.o
  CC      net/ipv4/netfilter/arp_tables.o
  CC      kernel/exec_domain.o
  CC      fs/nls/nls_cp737.o
  CC      sound/soc/soc-ops.o
  CC      kernel/time/tick-broadcast.o
  CC      crypto/cryptd.o
  CC      drivers/base/transport_class.o
  CC      kernel/sched/topology.o
  CC      fs/nls/nls_cp775.o
  CC      block/blk-crypto.o
  CC      net/ipv4/netfilter/arpt_mangle.o
  AR      sound/usb/6fire/built-in.a
  AR      sound/usb/bcd2000/built-in.a
  AR      sound/usb/caiaq/built-in.a
  AR      sound/usb/hiface/built-in.a
  AR      sound/usb/misc/built-in.a
  AR      sound/usb/usx2y/built-in.a
  CC      sound/usb/card.o
  CC      drivers/base/topology.o
  CC      net/core/dst.o
  AR      fs/notify/dnotify/built-in.a
  CC      fs/nls/nls_cp850.o
  AR      fs/notify/fanotify/built-in.a
  CC      fs/notify/inotify/inotify_fsnotify.o
  CC      fs/notify/fsnotify.o
  CC      kernel/time/tick-broadcast-hrtimer.o
  CC      drivers/base/container.o
  CC      fs/nls/nls_cp852.o
  CC      net/ipv6/netfilter/ip6_tables.o
  CC      sound/soc/soc-topology.o
  CC      fs/notify/inotify/inotify_user.o
  CC      block/blk-crypto-fallback.o
  CC      kernel/time/sched_clock.o
  CC      drivers/base/property.o
  CC      crypto/des_generic.o
  CC      fs/nls/nls_cp855.o
  CC      sound/usb/clock.o
  CC      net/bluetooth/mgmt_util.o
  CC      fs/nls/nls_cp857.o
  CC      net/ipv4/netfilter/arptable_filter.o
  CC      kernel/time/tick-oneshot.o
  CC      net/ipv4/netfilter/nf_dup_ipv4.o
  CC      net/ipv4/protocol.o
  CC      kernel/sched/stop_task.o
  CC      crypto/aes_generic.o
  CC      fs/nls/nls_cp860.o
  CC      kernel/time/tick-sched.o
  AR      fs/notify/inotify/built-in.a
  CC      fs/notify/notification.o
  AR      block/built-in.a
  CC      kernel/trace/trace_output.o
  CC      net/core/netevent.o
  CC      sound/usb/endpoint.o
  CC      fs/notify/group.o
  CC      fs/nls/nls_cp861.o
  CC      net/bluetooth/sco.o
  CC      fs/notify/mark.o
  CC      kernel/sched/pelt.o
  CC      crypto/chacha_generic.o
  CC      drivers/base/cacheinfo.o
  CC      fs/nls/nls_cp862.o
  CC      sound/soc/soc-generic-dmaengine-pcm.o
  CC      kernel/trace/trace_seq.o
  CC      fs/nls/nls_cp863.o
  AR      net/ipv4/netfilter/built-in.a
  CC      fs/overlayfs/super.o
  CC      net/ipv4/ip_input.o
  CC      net/ipv6/netfilter/ip6table_filter.o
  CC      net/core/neighbour.o
  CC      kernel/time/vsyscall.o
  CC      sound/usb/format.o
  CC      kernel/trace/trace_stat.o
  CC      fs/nls/nls_cp864.o
  CC      net/bluetooth/a2mp.o
  CC      drivers/base/devcon.o
  CC      fs/notify/fdinfo.o
  CC      kernel/sched/stats.o
  CC      crypto/poly1305_generic.o
  CC      net/ipv4/ip_fragment.o
  AR      kernel/time/built-in.a
  CC      net/core/rtnetlink.o
  CC      fs/overlayfs/namei.o
  CC      fs/nls/nls_cp865.o
  CC      net/ipv6/netfilter/ip6table_mangle.o
  CC      sound/soc/soc-compress.o
  CC      drivers/base/swnode.o
  CC      sound/usb/helper.o
  AR      fs/notify/built-in.a
  CC      fs/nls/nls_cp866.o
  CC      net/ipv6/af_inet6.o
  CC      kernel/trace/trace_printk.o
  CC      fs/overlayfs/util.o
  CC      net/key/af_key.o
  CC      kernel/sched/debug.o
  CC      fs/nls/nls_cp869.o
  CC      net/bluetooth/amp.o
  CC      sound/usb/mixer.o
  CC      crypto/deflate.o
  CC      kernel/sched/cpuacct.o
  CC      fs/nls/nls_cp874.o
  CC      drivers/base/memory.o
  CC      net/ipv6/netfilter/ip6table_raw.o
  AR      sound/soc/built-in.a
  CC      net/ipv4/ip_forward.o
  CC      kernel/trace/trace_sched_switch.o
  CC      fs/nls/nls_cp932.o
  CC      fs/overlayfs/inode.o
  CC      crypto/crc32c_generic.o
  CC      net/ipv6/netfilter/nf_defrag_ipv6_hooks.o
  AR      net/bluetooth/built-in.a
  CC      fs/nls/nls_euc-jp.o
  CC      net/core/utils.o
  CC      kernel/sched/cpufreq.o
  CC      fs/overlayfs/file.o
  CC      kernel/panic.o
  CC      kernel/trace/trace_nop.o
  CC      sound/usb/mixer_quirks.o
  CC      fs/proc/task_mmu.o
  CC      crypto/crc32_generic.o
  CC      net/ipv4/ip_options.o
  CC      drivers/base/module.o
  CC      fs/nls/nls_cp936.o
  AR      net/key/built-in.a
  CC      net/ipv4/ip_output.o
  CC      drivers/base/hypervisor.o
  CC      net/l2tp/l2tp_core.o
  CC      kernel/trace/blktrace.o
  CC      sound/usb/mixer_scarlett.o
  CC      crypto/authenc.o
  CC      fs/nls/nls_cp949.o
  CC      fs/overlayfs/dir.o
  CC      net/ipv6/netfilter/nf_conntrack_reasm.o
  CC      drivers/base/soc.o
  CC      kernel/sched/cpufreq_schedutil.o
  CC      kernel/trace/trace_events.o
  AR      sound/x86/built-in.a
  CC      net/ipv4/ip_sockglue.o
  CC      fs/nls/nls_cp950.o
  CC      net/llc/llc_core.o
  CC      net/core/link_watch.o
  CC      sound/usb/mixer_scarlett_gen2.o
  CC      fs/proc/inode.o
  CC      net/ipv4/inet_hashtables.o
  CC      fs/nls/nls_cp1250.o
  CC      drivers/base/pinctrl.o
  CC      fs/overlayfs/readdir.o
  CC      crypto/authencesn.o
  CC      fs/nls/nls_cp1251.o
  CC      fs/proc/root.o
  CC      fs/overlayfs/copy_up.o
  CC      drivers/base/platform-msi.o
  CC      sound/usb/mixer_us16x08.o
  CC      net/llc/llc_input.o
  CC      fs/nls/nls_ascii.o
  CC      kernel/sched/membarrier.o
  CC      net/ipv6/netfilter/nf_socket_ipv6.o
  CC      fs/proc/base.o
  CC      net/l2tp/l2tp_ppp.o
  CC      net/core/filter.o
  CC      crypto/lzo.o
  CC      net/mac80211/main.o
  CC      kernel/trace/trace_export.o
  CC      fs/nls/nls_iso8859-1.o
  CC      sound/usb/pcm.o
  CC      fs/overlayfs/export.o
  CC      net/mac80211/status.o
  CC      drivers/base/arch_topology.o
  CC      crypto/lzo-rle.o
  CC      fs/nls/nls_iso8859-2.o
  CC      net/mac80211/driver-ops.o
  CC      kernel/trace/trace_event_perf.o
  CC      net/llc/llc_output.o
  CC      net/ipv4/inet_timewait_sock.o
  CC      kernel/sched/isolation.o
  AR      fs/overlayfs/built-in.a
  CC      fs/pstore/inode.o
  CC      crypto/lz4.o
  CC      fs/nls/nls_iso8859-3.o
  AR      net/l2tp/built-in.a
  CC      fs/nls/nls_iso8859-4.o
  CC      net/ipv6/anycast.o
  CC      crypto/rng.o
  CC      net/ipv6/netfilter/nf_tproxy_ipv6.o
  AR      drivers/base/built-in.a
make: *** [Makefile:1852: drivers] Error 2
  CC      net/core/sock_diag.o
  CC      fs/pstore/platform.o
  CC      fs/nls/nls_iso8859-5.o
  CC      sound/usb/power.o
  CC      kernel/trace/trace_events_filter.o
  AR      net/llc/built-in.a
  CC      fs/nls/nls_iso8859-6.o
  CC      fs/nls/nls_iso8859-7.o
  CC      kernel/sched/psi.o
  CC      fs/nls/nls_cp1255.o
  CC      net/mac80211/sta_info.o
  CC      fs/proc/generic.o
  CC      fs/proc/array.o
  CC      net/ipv4/inet_connection_sock.o
  CC      crypto/ansi_cprng.o
  CC      sound/usb/proc.o
  CC      net/ipv6/netfilter/nf_reject_ipv6.o
b'In file included from ./include/trace/define_trace.h:102,\n' b'                 from ./include/trace/events/psi.h:72,\n' b'                 from kernel/sched/psi.c:146:\n' b"./include/trace/events/psi.h: In function 'trace_raw_output_psi_event':\n" b"./include/trace/events/psi.h:64:19: warning: '#' flag used with '%u' gnu_printf format [-Wformat=]\n" error, forbidden warning: psi.h:64
  AR      sound/xen/built-in.a
make[2]: *** [scripts/Makefile.build:288: kernel/sched/psi.o] Error 1
make[1]: *** [scripts/Makefile.build:558: kernel/sched] Error 2
make[1]: ** Esperando que outros processos terminem.
  CC      fs/quota/dquot.o
  CC      net/netfilter/core.o
  CC      fs/nls/nls_iso8859-9.o
  CC      kernel/trace/trace_events_trigger.o
  CC      fs/pstore/pmsg.o
  CC      net/ipv4/tcp.o
  CC      fs/proc/fd.o
  CC      sound/usb/quirks.o
  CC      crypto/drbg.o
  CC      fs/nls/nls_iso8859-13.o
  CC      fs/pstore/ram.o
  CC      fs/pstore/ram_core.o
  CC      net/ipv6/ip6_output.o
  CC      fs/nls/nls_iso8859-14.o
  CC      fs/proc/proc_tty.o
  CC      sound/sound_core.o
  CC      crypto/jitterentropy.o
  CC      net/ipv6/netfilter/nf_dup_ipv6.o
  CC      sound/usb/stream.o
  CC      fs/nls/nls_iso8859-15.o
  CC      crypto/jitterentropy-kcapi.o
  CC      kernel/trace/bpf_trace.o
  CC      kernel/trace/trace_kprobe.o
  CC      fs/proc/cmdline.o
  AR      fs/pstore/built-in.a
  CC      fs/nls/nls_koi8-r.o
  CC      net/ipv4/tcp_input.o
  CC      net/netfilter/nf_log.o
  CC      net/mac80211/wep.o
  CC      sound/last.o
  CC      fs/proc/consoles.o
  CC      fs/nls/nls_koi8-u.o
  CC      fs/quota/quota_v2.o
  CC      crypto/ghash-generic.o
  CC      sound/usb/validate.o
  CC      net/core/dev_ioctl.o
  CC      net/ipv4/tcp_output.o
  CC      fs/nls/nls_koi8-ru.o
  CC      fs/proc/cpuinfo.o
  CC      fs/quota/quota_tree.o
  CC      crypto/zstd.o
  CC      sound/usb/media.o
  CC      net/ipv6/netfilter/ip6t_rpfilter.o
  CC      sound/usb/midi.o
  CC      fs/nls/nls_utf8.o
  CC      fs/proc/devices.o
  CC      net/mac80211/aead_api.o
  CC      net/ipv6/netfilter/ip6t_REJECT.o
  CC      crypto/ecc.o
  CC      kernel/trace/power-traces.o
  CC      fs/nls/mac-celtic.o
  CC      net/netfilter/nf_queue.o
  CC      fs/proc/interrupts.o
  CC      net/mac80211/wpa.o
  CC      net/core/tso.o
  CC      fs/nls/mac-centeuro.o
  CC      fs/ramfs/inode.o
  CC      fs/quota/quota.o
  CC      fs/sysfs/file.o
  CC      sound/usb/usb_audio_qmi_v01.o
  CC      net/ipv4/tcp_timer.o
  AR      net/ipv6/netfilter/built-in.a
  CC      net/ipv6/ip6_input.o
  CC      fs/nls/mac-croatian.o
  CC      fs/proc/loadavg.o
  CC      fs/nls/mac-cyrillic.o
  CC      fs/nls/mac-gaelic.o
  CC      fs/ramfs/file-mmu.o
  CC      sound/usb/usb_audio_qmi_svc.o
  CC      fs/proc/meminfo.o
  CC      fs/sysfs/dir.o
  CC      fs/quota/kqid.o
  CC      fs/nls/mac-greek.o
  CC      crypto/essiv.o
  AR      fs/ramfs/built-in.a
  CC      fs/proc/stat.o
b"fs/proc/meminfo.c: In function 'show_val_kb':\n" b"fs/proc/meminfo.c:52:69: warning: format '%lld' expects argument of type 'long long int', but argument 4 has type 'long unsigned int' [-Wformat=]\n" error, forbidden warning: meminfo.c:52
make[2]: *** [scripts/Makefile.build:288: fs/proc/meminfo.o] Error 1
make[2]: ** Esperando que outros processos terminem.
  CC      fs/nls/mac-iceland.o
  CC      net/core/sock_reuseport.o
  CC      net/ipv6/addrconf.o
  CC      net/mac80211/scan.o
  CC      net/netfilter/nf_sockopt.o
  CC      kernel/trace/rpm-traces.o
  CC      fs/nls/mac-inuit.o
  AR      fs/quota/built-in.a
  CC      fs/nls/mac-romanian.o
  CC      net/ipv4/tcp_ipv4.o
  CC      fs/sysfs/symlink.o
make[1]: *** [scripts/Makefile.build:558: fs/proc] Error 2
make[1]: ** Esperando que outros processos terminem.
  CC      net/ipv6/addrlabel.o
  AR      sound/usb/built-in.a
  AR      sound/built-in.a
  CC      crypto/ecdh.o
  CC      fs/nls/mac-roman.o
  CC      net/netfilter/utils.o
  CC      kernel/trace/trace_dynevent.o
  CC      net/ipv4/tcp_minisocks.o
  CC      fs/nls/mac-turkish.o
  CC      crypto/ecdh_helper.o
  CC      net/mac80211/offchannel.o
  AR      fs/nls/built-in.a
  CC      net/ipv6/route.o
  CC      net/netfilter/nfnetlink.o
  CC      fs/sysfs/mount.o
  CC      net/netlink/af_netlink.o
  CC      net/mac80211/ht.o
  CC      net/core/fib_notifier.o
  CC      kernel/trace/trace_probe.o
  ASN.1   crypto/ecdsasignature.asn1.[ch]
  CC      crypto/hash_info.o
  CC      crypto/simd.o
  CC      fs/sysfs/group.o
  CC      net/mac80211/agg-tx.o
  CC      net/netlink/genetlink.o
  CC      net/packet/af_packet.o
  AR      fs/sysfs/built-in.a
make: *** [Makefile:1852: fs] Error 2
  CC      net/core/xdp.o
  CC      kernel/trace/trace_uprobe.o
  CC      net/mac80211/agg-rx.o
  CC      net/netfilter/nfnetlink_queue.o
  CC      net/netfilter/nfnetlink_log.o
  CC      crypto/rsapubkey.asn1.o
  CC      net/mac80211/vht.o
  CC      crypto/rsaprivkey.asn1.o
  CC      crypto/ecdsa.o
  CC      net/ipv4/tcp_cong.o
  CC      net/ipv6/ip6_fib.o
  CC      net/mac80211/he.o
  CC      net/qrtr/qrtr.o
  CC      crypto/ecdsasignature.asn1.o
  AR      crypto/built-in.a
  CC      net/qrtr/ns.o
  CC      net/qrtr/smd.o
  CC      net/mac80211/ibss.o
  CC      kernel/trace/ipc_logging.o
  CC      net/core/flow_offload.o
  CC      net/rfkill/core.o
  AR      net/netlink/built-in.a
  CC      net/ipv4/tcp_metrics.o
  CC      net/netfilter/nf_conntrack_core.o
  CC      net/mac80211/iface.o
  CC      net/ipv6/ipv6_sockglue.o
  CC      net/core/net-sysfs.o
  CC      net/core/net-procfs.o
  AR      kernel/trace/built-in.a
make: *** [Makefile:1852: kernel] Error 2
  CC      net/netfilter/nf_conntrack_standalone.o
  AR      net/rfkill/built-in.a
  CC      net/ipv4/tcp_fastopen.o
  AR      net/packet/built-in.a
  CC      net/mac80211/rate.o
  CC      net/ipv6/ndisc.o
  CC      net/core/fib_rules.o
  CC      net/netfilter/nf_conntrack_expect.o
  CC      net/ipv4/tcp_rate.o
  AR      net/qrtr/built-in.a
  CC      net/core/net-traces.o
  CC      net/netfilter/nf_conntrack_helper.o
  CC      net/core/dst_cache.o
  CC      net/sched/sch_generic.o
  CC      net/core/gro_cells.o
  CC      net/netfilter/nf_conntrack_proto.o
  CC      net/sched/sch_mq.o
  CC      net/ipv4/tcp_recovery.o
  CC      net/core/bpf_sk_storage.o
  CC      net/tipc/addr.o
  CC      net/sched/sch_api.o
  CC      net/sched/sch_blackhole.o
  CC      net/ipv6/udp.o
  CC      net/netfilter/nf_conntrack_proto_generic.o
  CC      net/tipc/bcast.o
  CC      net/mac80211/michael.o
  CC      net/unix/af_unix.o
  CC      net/wireless/core.o
  CC      net/wireless/sysfs.o
  CC      net/sched/cls_api.o
  CC      net/ipv4/tcp_ulp.o
  CC      net/tipc/bearer.o
  CC      net/mac80211/tkip.o
  CC      net/unix/garbage.o
  CC      net/ipv4/tcp_offload.o
  CC      net/netfilter/nf_conntrack_proto_tcp.o
  CC      net/xdp/xsk.o
  CC      net/xdp/xdp_umem.o
  CC      net/unix/sysctl_net_unix.o
  CC      net/xfrm/xfrm_policy.o
  CC      net/netfilter/nf_conntrack_proto_udp.o
  CC      net/tipc/core.o
  CC      net/unix/scm.o
  CC      net/sched/act_api.o
  CC      net/sched/act_police.o
  AR      net/core/built-in.a
  CC      net/xdp/xsk_queue.o
  CC      net/netfilter/nf_conntrack_proto_icmp.o
  CC      net/ipv6/udplite.o
  CC      net/mac80211/aes_cmac.o
  CC      net/ipv4/datagram.o
  CC      net/tipc/link.o
  CC      net/socket.o
  CC      net/xfrm/xfrm_state.o
  CC      net/wireless/radiotap.o
  CC      net/mac80211/aes_gmac.o
  CC      net/ipv4/raw.o
  AR      net/unix/built-in.a
  CC      net/ipv4/udp.o
  CC      net/ipv6/raw.o
  CC      net/mac80211/fils_aead.o
  CC      net/netfilter/nf_conntrack_extend.o
  CC      net/tipc/discover.o
  AR      net/xdp/built-in.a
  CC      net/xfrm/xfrm_hash.o
  CC      net/ipv6/icmp.o
  CC      net/mac80211/cfg.o
  CC      net/ipv4/udplite.o
  CC      net/wireless/util.o
  CC      net/sched/act_bpf.o
  CC      net/netfilter/nf_conntrack_acct.o
  CC      net/tipc/msg.o
  CC      net/compat.o
  CC      net/ipv6/mcast.o
  CC      net/netfilter/nf_conntrack_seqadj.o
  CC      net/sched/sch_fifo.o
  CC      net/xfrm/xfrm_input.o
  CC      net/ipv6/reassembly.o
  CC      net/ipv4/udp_offload.o
  CC      net/sysctl_net.o
  CC      net/tipc/name_distr.o
  CC      net/mac80211/ethtool.o
  CC      net/sched/sch_htb.o
  CC      net/ipv4/arp.o
  CC      net/ipv4/icmp.o
  CC      net/netfilter/nf_conntrack_proto_icmpv6.o
  CC      net/wireless/reg.o
  CC      net/tipc/subscr.o
  CC      net/ipv4/devinet.o
  CC      net/mac80211/rx.o
  CC      net/mac80211/spectmgmt.o
  CC      net/ipv4/af_inet.o
  CC      net/mac80211/tx.o
  CC      net/ipv6/tcp_ipv6.o
  CC      net/xfrm/xfrm_output.o
  CC      net/sched/sch_ingress.o
  CC      net/netfilter/nf_conntrack_ecache.o
  CC      net/tipc/monitor.o
  CC      net/ipv6/ping.o
  CC      net/ipv4/igmp.o
  CC      net/mac80211/key.o
  CC      net/tipc/name_table.o
  CC      net/sched/sch_prio.o
  CC      net/wireless/scan.o
  CC      net/xfrm/xfrm_sysctl.o
  CC      net/sched/cls_u32.o
  CC      net/tipc/net.o
  CC      net/mac80211/util.o
  CC      net/ipv6/exthdrs.o
  CC      net/netfilter/nf_conntrack_proto_dccp.o
  CC      net/wireless/nl80211.o
  CC      net/sched/cls_fw.o
  CC      net/mac80211/wme.o
  CC      net/tipc/netlink.o
  CC      net/xfrm/xfrm_replay.o
  CC      net/ipv6/datagram.o
  CC      net/ipv4/fib_frontend.o
  CC      net/netfilter/nf_conntrack_proto_sctp.o
  CC      net/tipc/netlink_compat.o
  CC      net/mac80211/chan.o
  CC      net/sched/cls_bpf.o
  CC      net/xfrm/xfrm_device.o
  CC      net/xfrm/xfrm_proc.o
  CC      net/xfrm/xfrm_algo.o
  CC      net/netfilter/nf_conntrack_proto_gre.o
  CC      net/tipc/node.o
  CC      net/mac80211/trace.o
  CC      net/sched/cls_matchall.o
  CC      net/netfilter/nf_conntrack_netlink.o
  CC      net/ipv6/ip6_flowlabel.o
  CC      net/wireless/mlme.o
  CC      net/wireless/ibss.o
  CC      net/tipc/socket.o
  CC      net/ipv6/inet6_connection_sock.o
  CC      net/xfrm/xfrm_user.o
  CC      net/ipv6/udp_offload.o
  CC      net/sched/ematch.o
  CC      net/ipv4/fib_semantics.o
  CC      net/ipv4/fib_trie.o
  CC      net/tipc/eth_media.o
  CC      net/mac80211/mlme.o
  CC      net/netfilter/nf_conntrack_amanda.o
  CC      net/wireless/sme.o
  CC      net/ipv6/seg6.o
  CC      net/wireless/chan.o
  CC      net/ipv4/fib_notifier.o
  CC      net/xfrm/xfrm_ipcomp.o
  CC      net/sched/em_u32.o
  CC      net/mac80211/tdls.o
  CC      net/netfilter/nf_conntrack_ftp.o
  CC      net/ipv6/fib6_notifier.o
  AR      net/sched/built-in.a
  CC      net/wireless/ethtool.o
  CC      net/wireless/mesh.o
  CC      net/netfilter/nf_conntrack_h323_main.o
  CC      net/mac80211/ocb.o
  CC      net/mac80211/pm.o
  CC      net/ipv4/inet_fragment.o
  CC      net/tipc/topsrv.o
  CC      net/xfrm/xfrm_interface.o
  CC      net/ipv6/sysctl_net_ipv6.o
  CC      net/netfilter/nf_conntrack_h323_asn1.o
  CC      net/ipv4/ping.o
  CC      net/ipv6/xfrm6_policy.o
  CC      net/mac80211/rc80211_minstrel.o
  CC      net/ipv6/xfrm6_state.o
  CC      net/mac80211/rc80211_minstrel_ht.o
  CC      net/ipv4/ip_tunnel_core.o
  CC      net/tipc/group.o
  CC      net/netfilter/nf_conntrack_irc.o
  CC      net/ipv4/gre_offload.o
  CC      net/netfilter/nf_conntrack_broadcast.o
  CC      net/tipc/trace.o
  CC      net/netfilter/nf_conntrack_netbios_ns.o
  CC      net/ipv4/metrics.o
  AR      net/xfrm/built-in.a
  CC      net/tipc/udp_media.o
  CC      net/ipv6/xfrm6_input.o
  CC      net/netfilter/nf_conntrack_pptp.o
  CC      net/ipv4/netlink.o
  CC      net/ipv6/xfrm6_output.o
  CC      net/netfilter/nf_conntrack_sane.o
  CC      net/ipv6/xfrm6_protocol.o
  CC      net/tipc/sysctl.o
  CC      net/netfilter/nf_conntrack_tftp.o
  CC      net/netfilter/nf_nat_core.o
  CC      net/wireless/ap.o
  CC      net/ipv4/nexthop.o
  CC      net/netfilter/nf_nat_proto.o
  CC      net/ipv4/ip_tunnel.o
  CC      net/ipv6/netfilter.o
  CC      net/ipv6/fib6_rules.o
  CC      net/tipc/diag.o
  CC      net/wireless/trace.o
  AR      net/mac80211/built-in.a
  CC      net/wireless/ocb.o
  CC      net/ipv4/sysctl_net_ipv4.o
  CC      net/wireless/pmsr.o
  CC      net/wireless/of.o
  CC      net/netfilter/nf_nat_helper.o
  CC      net/ipv4/proc.o
  CC      net/netfilter/nf_nat_redirect.o
  AR      net/tipc/built-in.a
  GEN     net/wireless/shipped-certs.c
  CC      net/ipv6/proc.o
  CC      net/ipv6/syncookies.o
  CC      net/netfilter/nf_nat_masquerade.o
  CC      net/ipv6/esp6.o
  CC      net/ipv4/fib_rules.o
  CC      net/wireless/wext-core.o
  CC      net/ipv6/ipcomp6.o
  CC      net/netfilter/nf_nat_amanda.o
  CC      net/ipv6/xfrm6_tunnel.o
  CC      net/ipv6/tunnel6.o
  CC      net/ipv6/mip6.o
  CC      net/ipv6/ip6_vti.o
  CC      net/wireless/wext-proc.o
  CC      net/netfilter/nf_nat_ftp.o
  CC      net/wireless/wext-spy.o
  CC      net/ipv4/ipip.o
  CC      net/wireless/wext-priv.o
  CC      net/ipv6/sit.o
  CC      net/netfilter/nf_nat_irc.o
  CC      net/wireless/shipped-certs.o
  CC      net/netfilter/nf_nat_tftp.o
  CC      net/ipv4/gre_demux.o
  CC      net/ipv6/ip6_tunnel.o
  CC      net/netfilter/nf_conncount.o
  CC      net/ipv4/ip_gre.o
  CC      net/ipv6/ip6_gre.o
  CC      net/ipv4/udp_tunnel.o
  CC      net/netfilter/x_tables.o
  CC      net/ipv6/addrconf_core.o
  CC      net/ipv4/ip_vti.o
  CC      net/ipv6/exthdrs_core.o
  CC      net/ipv6/ip6_checksum.o
  CC      net/ipv6/ip6_icmp.o
  CC      net/ipv6/output_core.o
  CC      net/ipv4/syncookies.o
  CC      net/netfilter/xt_tcpudp.o
  CC      net/ipv6/protocol.o
  CC      net/ipv4/esp4.o
  CC      net/netfilter/xt_mark.o
  CC      net/ipv4/tunnel4.o
  CC      net/netfilter/xt_connmark.o
  CC      net/ipv6/ip6_offload.o
  CC      net/netfilter/xt_nat.o
  CC      net/ipv4/netfilter.o
  CC      net/netfilter/xt_CLASSIFY.o
  CC      net/netfilter/xt_CONNSECMARK.o
  CC      net/ipv4/inet_diag.o
  CC      net/netfilter/xt_CT.o
  CC      net/netfilter/xt_DSCP.o
  CC      net/netfilter/xt_NETMAP.o
  CC      net/ipv6/tcpv6_offload.o
  CC      net/ipv4/tcp_diag.o
  CC      net/ipv4/udp_diag.o
  CC      net/netfilter/xt_NFLOG.o
  CC      net/ipv4/tcp_cubic.o
  CC      net/ipv6/exthdrs_offload.o
  CC      net/netfilter/xt_NFQUEUE.o
  CC      net/ipv4/xfrm4_policy.o
  CC      net/ipv6/inet6_hashtables.o
  CC      net/ipv6/ip6_udp_tunnel.o
  CC      net/ipv4/xfrm4_state.o
  CC      net/netfilter/xt_REDIRECT.o
  CC      net/ipv6/mcast_snoop.o
  CC      net/netfilter/xt_MASQUERADE.o
  CC      net/netfilter/xt_SECMARK.o
  CC      net/ipv4/xfrm4_input.o
  CC      net/ipv4/xfrm4_output.o
  CC      net/netfilter/xt_TPROXY.o
  CC      net/ipv4/xfrm4_protocol.o
  CC      net/netfilter/xt_TCPMSS.o
  CC      net/netfilter/xt_TEE.o
  CC      net/netfilter/xt_TRACE.o
  CC      net/netfilter/xt_IDLETIMER.o
  CC      net/netfilter/xt_bpf.o
  CC      net/netfilter/xt_comment.o
  CC      net/netfilter/xt_connlimit.o
  CC      net/netfilter/xt_conntrack.o
  CC      net/netfilter/xt_dscp.o
  CC      net/netfilter/xt_ecn.o
  CC      net/netfilter/xt_esp.o
  AR      net/wireless/built-in.a
  CC      net/netfilter/xt_hashlimit.o
  CC      net/netfilter/xt_helper.o
  CC      net/netfilter/xt_hl.o
  AR      net/ipv6/built-in.a
  CC      net/netfilter/xt_iprange.o
  CC      net/netfilter/xt_l2tp.o
  CC      net/netfilter/xt_length.o
  CC      net/netfilter/xt_limit.o
  CC      net/netfilter/xt_mac.o
  CC      net/netfilter/xt_owner.o
  CC      net/netfilter/xt_pkttype.o
  AR      net/ipv4/built-in.a
  CC      net/netfilter/xt_policy.o
  CC      net/netfilter/xt_quota.o
  CC      net/netfilter/xt_quota2.o
  CC      net/netfilter/xt_socket.o
  CC      net/netfilter/xt_state.o
  CC      net/netfilter/xt_statistic.o
  CC      net/netfilter/xt_string.o
  CC      net/netfilter/xt_time.o
  CC      net/netfilter/xt_u32.o
  AR      net/netfilter/built-in.a
  AR      net/built-in.a
