  CALL    scripts/atomic/check-atomics.sh
  CALL    scripts/checksyscalls.sh
  CHK     include/generated/compile.h
./scripts/mkcompile_h: line 49: hostname: comando não encontrado
  OBJCOPY arch/arm64/kernel/efi-entry.stub.o
  CC      arch/arm64/kernel/bootinfo.o
  CC      arch/arm64/kernel/kaslr.o
  AR      virt/lib/built-in.a
  AR      virt/built-in.a
  CC      arch/arm64/kernel/ssbd.o
  CC      arch/arm64/kernel/pointer_auth.o
  AS      arch/arm64/kernel/head.o
  LDS     arch/arm64/kernel/vmlinux.lds
  AR      arch/arm64/kernel/built-in.a
  AR      arch/arm64/built-in.a
  CHK     kernel/kheaders_data.tar.xz
  GEN     kernel/kheaders_data.tar.xz
  CC      kernel/kheaders.o
  AR      kernel/built-in.a
  GEN     .version
  CHK     include/generated/compile.h
./scripts/mkcompile_h: line 49: hostname: comando não encontrado
  LD      vmlinux.o
  MODPOST vmlinux.o
WARNING: "embms_tm_multicast_recv" [vmlinux] is a static EXPORT_SYMBOL
WARNING: "tsens_mtc_reset_history_counter" [vmlinux] is a static EXPORT_SYMBOL
  MODINFO modules.builtin.modinfo
  LD      .tmp_vmlinux.kallsyms1
aarch64-linux-gnu-ld: warning: .tmp_vmlinux.kallsyms1 has a LOAD segment with RWX permissions
  KSYM    .tmp_vmlinux.kallsyms1.o
  LD      .tmp_vmlinux.kallsyms2
aarch64-linux-gnu-ld: warning: .tmp_vmlinux.kallsyms2 has a LOAD segment with RWX permissions
  KSYM    .tmp_vmlinux.kallsyms2.o
  LD      vmlinux
aarch64-linux-gnu-ld: warning: vmlinux has a LOAD segment with RWX permissions
  SORTEX  vmlinux
  SYSMAP  System.map
  OBJCOPY arch/arm64/boot/Image
  GZIP    arch/arm64/boot/Image.gz
